Mensaje I / 00:00:00:000 / Root(00) para top(01)
Mensaje I / 00:00:00:000 / top(01) para alarmgen(02)
Mensaje D / 00:00:00:000 / alarmgen(02) / 00:00:00:000 para top(01)
Mensaje D / 00:00:00:000 / top(01) / 00:00:00:000 para Root(00)
Mensaje * / 00:00:00:000 / Root(00) para top(01)
Mensaje * / 00:00:00:000 / top(01) para alarmgen(02)
Mensaje D / 00:00:00:000 / alarmgen(02) / ... para top(01)
Mensaje D / 00:00:00:000 / top(01) / ... para Root(00)
Mensaje X / 00:10:20:000 / Root(00) / unauth_attempt /      1.00000 para top(01)
Mensaje X / 00:10:20:000 / top(01) / unauth_attempt /      1.00000 para alarmgen(02)
Mensaje D / 00:10:20:000 / alarmgen(02) / 00:00:00:000 para top(01)
Mensaje D / 00:10:20:000 / top(01) / 00:00:00:000 para Root(00)
Mensaje * / 00:10:20:000 / Root(00) para top(01)
Mensaje * / 00:10:20:000 / top(01) para alarmgen(02)
Mensaje Y / 00:10:20:000 / alarmgen(02) / minor_alarm /      1.00000 para top(01)
Mensaje D / 00:10:20:000 / alarmgen(02) / ... para top(01)
Mensaje Y / 00:10:20:000 / top(01) / minor_alarm /      1.00000 para Root(00)
Mensaje D / 00:10:20:000 / top(01) / ... para Root(00)
Mensaje X / 00:10:28:000 / Root(00) / emerg /      1.00000 para top(01)
Mensaje X / 00:10:28:000 / top(01) / emerg /      1.00000 para alarmgen(02)
Mensaje D / 00:10:28:000 / alarmgen(02) / 00:00:00:000 para top(01)
Mensaje D / 00:10:28:000 / top(01) / 00:00:00:000 para Root(00)
Mensaje * / 00:10:28:000 / Root(00) para top(01)
Mensaje * / 00:10:28:000 / top(01) para alarmgen(02)
Mensaje Y / 00:10:28:000 / alarmgen(02) / major_alarm /      1.00000 para top(01)
Mensaje D / 00:10:28:000 / alarmgen(02) / ... para top(01)
Mensaje Y / 00:10:28:000 / top(01) / major_alarm /      1.00000 para Root(00)
Mensaje D / 00:10:28:000 / top(01) / ... para Root(00)
Mensaje X / 00:11:10:000 / Root(00) / alarm_reset /      1.00000 para top(01)
Mensaje X / 00:11:10:000 / top(01) / alarm_reset /      1.00000 para alarmgen(02)
Mensaje D / 00:11:10:000 / alarmgen(02) / 00:00:00:000 para top(01)
Mensaje D / 00:11:10:000 / top(01) / 00:00:00:000 para Root(00)
Mensaje * / 00:11:10:000 / Root(00) para top(01)
Mensaje * / 00:11:10:000 / top(01) para alarmgen(02)
Mensaje Y / 00:11:10:000 / alarmgen(02) / minor_alarm /      0.00000 para top(01)
Mensaje Y / 00:11:10:000 / alarmgen(02) / major_alarm /      0.00000 para top(01)
Mensaje D / 00:11:10:000 / alarmgen(02) / ... para top(01)
Mensaje Y / 00:11:10:000 / top(01) / minor_alarm /      0.00000 para Root(00)
Mensaje Y / 00:11:10:000 / top(01) / major_alarm /      0.00000 para Root(00)
Mensaje D / 00:11:10:000 / top(01) / ... para Root(00)
Mensaje X / 01:00:00:000 / Root(00) / emerg /      1.00000 para top(01)
Mensaje X / 01:00:00:000 / top(01) / emerg /      1.00000 para alarmgen(02)
Mensaje D / 01:00:00:000 / alarmgen(02) / 00:00:00:000 para top(01)
Mensaje D / 01:00:00:000 / top(01) / 00:00:00:000 para Root(00)
Mensaje * / 01:00:00:000 / Root(00) para top(01)
Mensaje * / 01:00:00:000 / top(01) para alarmgen(02)
Mensaje Y / 01:00:00:000 / alarmgen(02) / major_alarm /      1.00000 para top(01)
Mensaje D / 01:00:00:000 / alarmgen(02) / ... para top(01)
Mensaje Y / 01:00:00:000 / top(01) / major_alarm /      1.00000 para Root(00)
Mensaje D / 01:00:00:000 / top(01) / ... para Root(00)
Mensaje X / 02:00:50:000 / Root(00) / alarm_reset /      1.00000 para top(01)
Mensaje X / 02:00:50:000 / top(01) / alarm_reset /      1.00000 para alarmgen(02)
Mensaje D / 02:00:50:000 / alarmgen(02) / 00:00:00:000 para top(01)
Mensaje D / 02:00:50:000 / top(01) / 00:00:00:000 para Root(00)
Mensaje * / 02:00:50:000 / Root(00) para top(01)
Mensaje * / 02:00:50:000 / top(01) para alarmgen(02)
Mensaje Y / 02:00:50:000 / alarmgen(02) / minor_alarm /      0.00000 para top(01)
Mensaje Y / 02:00:50:000 / alarmgen(02) / major_alarm /      0.00000 para top(01)
Mensaje D / 02:00:50:000 / alarmgen(02) / ... para top(01)
Mensaje Y / 02:00:50:000 / top(01) / minor_alarm /      0.00000 para Root(00)
Mensaje Y / 02:00:50:000 / top(01) / major_alarm /      0.00000 para Root(00)
Mensaje D / 02:00:50:000 / top(01) / ... para Root(00)
Mensaje X / 03:00:00:000 / Root(00) / unauth_attempt /      1.00000 para top(01)
Mensaje X / 03:00:00:000 / top(01) / unauth_attempt /      1.00000 para alarmgen(02)
Mensaje D / 03:00:00:000 / alarmgen(02) / 00:00:00:000 para top(01)
Mensaje D / 03:00:00:000 / top(01) / 00:00:00:000 para Root(00)
Mensaje * / 03:00:00:000 / Root(00) para top(01)
Mensaje * / 03:00:00:000 / top(01) para alarmgen(02)
Mensaje Y / 03:00:00:000 / alarmgen(02) / minor_alarm /      1.00000 para top(01)
Mensaje D / 03:00:00:000 / alarmgen(02) / ... para top(01)
Mensaje Y / 03:00:00:000 / top(01) / minor_alarm /      1.00000 para Root(00)
Mensaje D / 03:00:00:000 / top(01) / ... para Root(00)
