Mensaje I / 00:00:00:000 / Root(00) para top(01)
Mensaje I / 00:00:00:000 / top(01) para codecont(02)
Mensaje D / 00:00:00:000 / codecont(02) / 00:00:00:000 para top(01)
Mensaje D / 00:00:00:000 / top(01) / 00:00:00:000 para Root(00)
Mensaje * / 00:00:00:000 / Root(00) para top(01)
Mensaje * / 00:00:00:000 / top(01) para codecont(02)
Mensaje D / 00:00:00:000 / codecont(02) / ... para top(01)
Mensaje D / 00:00:00:000 / top(01) / ... para Root(00)
Mensaje X / 00:10:20:000 / Root(00) / emerg_open /      1.00000 para top(01)
Mensaje X / 00:10:20:000 / top(01) / emerg_open /      1.00000 para codecont(02)
Mensaje D / 00:10:20:000 / codecont(02) / 00:00:00:000 para top(01)
Mensaje D / 00:10:20:000 / top(01) / 00:00:00:000 para Root(00)
Mensaje * / 00:10:20:000 / Root(00) para top(01)
Mensaje * / 00:10:20:000 / top(01) para codecont(02)
Mensaje Y / 00:10:20:000 / codecont(02) / emerg /      1.00000 para top(01)
Mensaje Y / 00:10:20:000 / codecont(02) / validcode /      1.00000 para top(01)
Mensaje D / 00:10:20:000 / codecont(02) / ... para top(01)
Mensaje Y / 00:10:20:000 / top(01) / emerg /      1.00000 para Root(00)
Mensaje Y / 00:10:20:000 / top(01) / validcode /      1.00000 para Root(00)
Mensaje D / 00:10:20:000 / top(01) / ... para Root(00)
Mensaje X / 00:20:20:000 / Root(00) / open_request /      1.00000 para top(01)
Mensaje X / 00:20:20:000 / top(01) / open_request /      1.00000 para codecont(02)
Mensaje D / 00:20:20:000 / codecont(02) / 00:00:00:000 para top(01)
Mensaje D / 00:20:20:000 / top(01) / 00:00:00:000 para Root(00)
Mensaje * / 00:20:20:000 / Root(00) para top(01)
Mensaje * / 00:20:20:000 / top(01) para codecont(02)
Mensaje Y / 00:20:20:000 / codecont(02) / validcode /      1.00000 para top(01)
Mensaje D / 00:20:20:000 / codecont(02) / ... para top(01)
Mensaje Y / 00:20:20:000 / top(01) / validcode /      1.00000 para Root(00)
Mensaje D / 00:20:20:000 / top(01) / ... para Root(00)
Mensaje X / 00:25:10:000 / Root(00) / input_code /  45968.00000 para top(01)
Mensaje X / 00:25:10:000 / top(01) / input_code /  45968.00000 para codecont(02)
Mensaje D / 00:25:10:000 / codecont(02) / 00:00:00:000 para top(01)
Mensaje D / 00:25:10:000 / top(01) / 00:00:00:000 para Root(00)
Mensaje * / 00:25:10:000 / Root(00) para top(01)
Mensaje * / 00:25:10:000 / top(01) para codecont(02)
Mensaje Y / 00:25:10:000 / codecont(02) / validcode /      1.00000 para top(01)
Mensaje D / 00:25:10:000 / codecont(02) / ... para top(01)
Mensaje Y / 00:25:10:000 / top(01) / validcode /      1.00000 para Root(00)
Mensaje D / 00:25:10:000 / top(01) / ... para Root(00)
Mensaje X / 00:26:10:000 / Root(00) / input_code /  45568.00000 para top(01)
Mensaje X / 00:26:10:000 / top(01) / input_code /  45568.00000 para codecont(02)
Mensaje D / 00:26:10:000 / codecont(02) / 00:00:00:000 para top(01)
Mensaje D / 00:26:10:000 / top(01) / 00:00:00:000 para Root(00)
Mensaje * / 00:26:10:000 / Root(00) para top(01)
Mensaje * / 00:26:10:000 / top(01) para codecont(02)
Mensaje Y / 00:26:10:000 / codecont(02) / incre /      1.00000 para top(01)
Mensaje D / 00:26:10:000 / codecont(02) / ... para top(01)
Mensaje Y / 00:26:10:000 / top(01) / incre /      1.00000 para Root(00)
Mensaje D / 00:26:10:000 / top(01) / ... para Root(00)
Mensaje X / 00:26:22:000 / Root(00) / input_code /  45500.00000 para top(01)
Mensaje X / 00:26:22:000 / top(01) / input_code /  45500.00000 para codecont(02)
Mensaje D / 00:26:22:000 / codecont(02) / 00:00:00:000 para top(01)
Mensaje D / 00:26:22:000 / top(01) / 00:00:00:000 para Root(00)
Mensaje * / 00:26:22:000 / Root(00) para top(01)
Mensaje * / 00:26:22:000 / top(01) para codecont(02)
Mensaje Y / 00:26:22:000 / codecont(02) / incre /      1.00000 para top(01)
Mensaje D / 00:26:22:000 / codecont(02) / ... para top(01)
Mensaje Y / 00:26:22:000 / top(01) / incre /      1.00000 para Root(00)
Mensaje D / 00:26:22:000 / top(01) / ... para Root(00)
Mensaje X / 00:27:05:000 / Root(00) / input_code /  45450.00000 para top(01)
Mensaje X / 00:27:05:000 / top(01) / input_code /  45450.00000 para codecont(02)
Mensaje D / 00:27:05:000 / codecont(02) / 00:00:00:000 para top(01)
Mensaje D / 00:27:05:000 / top(01) / 00:00:00:000 para Root(00)
Mensaje * / 00:27:05:000 / Root(00) para top(01)
Mensaje * / 00:27:05:000 / top(01) para codecont(02)
Mensaje Y / 00:27:05:000 / codecont(02) / incre /      1.00000 para top(01)
Mensaje D / 00:27:05:000 / codecont(02) / ... para top(01)
Mensaje Y / 00:27:05:000 / top(01) / incre /      1.00000 para Root(00)
Mensaje D / 00:27:05:000 / top(01) / ... para Root(00)
Mensaje X / 00:28:22:000 / Root(00) / input_code /  45600.00000 para top(01)
Mensaje X / 00:28:22:000 / top(01) / input_code /  45600.00000 para codecont(02)
Mensaje D / 00:28:22:000 / codecont(02) / 00:00:00:000 para top(01)
Mensaje D / 00:28:22:000 / top(01) / 00:00:00:000 para Root(00)
Mensaje * / 00:28:22:000 / Root(00) para top(01)
Mensaje * / 00:28:22:000 / top(01) para codecont(02)
Mensaje Y / 00:28:22:000 / codecont(02) / incre /      1.00000 para top(01)
Mensaje D / 00:28:22:000 / codecont(02) / ... para top(01)
Mensaje Y / 00:28:22:000 / top(01) / incre /      1.00000 para Root(00)
Mensaje D / 00:28:22:000 / top(01) / ... para Root(00)
Mensaje X / 00:29:22:000 / Root(00) / input_code /  45500.00000 para top(01)
Mensaje X / 00:29:22:000 / top(01) / input_code /  45500.00000 para codecont(02)
Mensaje D / 00:29:22:000 / codecont(02) / 00:00:00:000 para top(01)
Mensaje D / 00:29:22:000 / top(01) / 00:00:00:000 para Root(00)
Mensaje * / 00:29:22:000 / Root(00) para top(01)
Mensaje * / 00:29:22:000 / top(01) para codecont(02)
Mensaje Y / 00:29:22:000 / codecont(02) / incre /      1.00000 para top(01)
Mensaje D / 00:29:22:000 / codecont(02) / ... para top(01)
Mensaje Y / 00:29:22:000 / top(01) / incre /      1.00000 para Root(00)
Mensaje D / 00:29:22:000 / top(01) / ... para Root(00)
Mensaje X / 00:30:30:000 / Root(00) / input_code /  45500.00000 para top(01)
Mensaje X / 00:30:30:000 / top(01) / input_code /  45500.00000 para codecont(02)
Mensaje D / 00:30:30:000 / codecont(02) / 00:00:00:000 para top(01)
Mensaje D / 00:30:30:000 / top(01) / 00:00:00:000 para Root(00)
Mensaje * / 00:30:30:000 / Root(00) para top(01)
Mensaje * / 00:30:30:000 / top(01) para codecont(02)
Mensaje Y / 00:30:30:000 / codecont(02) / incre /      1.00000 para top(01)
Mensaje D / 00:30:30:000 / codecont(02) / ... para top(01)
Mensaje Y / 00:30:30:000 / top(01) / incre /      1.00000 para Root(00)
Mensaje D / 00:30:30:000 / top(01) / ... para Root(00)
Mensaje X / 00:30:50:000 / Root(00) / input_code /  45500.00000 para top(01)
Mensaje X / 00:30:50:000 / top(01) / input_code /  45500.00000 para codecont(02)
Mensaje D / 00:30:50:000 / codecont(02) / 00:00:00:000 para top(01)
Mensaje D / 00:30:50:000 / top(01) / 00:00:00:000 para Root(00)
Mensaje * / 00:30:50:000 / Root(00) para top(01)
Mensaje * / 00:30:50:000 / top(01) para codecont(02)
Mensaje Y / 00:30:50:000 / codecont(02) / incre /      1.00000 para top(01)
Mensaje D / 00:30:50:000 / codecont(02) / ... para top(01)
Mensaje Y / 00:30:50:000 / top(01) / incre /      1.00000 para Root(00)
Mensaje D / 00:30:50:000 / top(01) / ... para Root(00)
Mensaje X / 00:40:20:000 / Root(00) / open_request /      1.00000 para top(01)
Mensaje X / 00:40:20:000 / top(01) / open_request /      1.00000 para codecont(02)
Mensaje D / 00:40:20:000 / codecont(02) / 00:00:00:000 para top(01)
Mensaje D / 00:40:20:000 / top(01) / 00:00:00:000 para Root(00)
Mensaje * / 00:40:20:000 / Root(00) para top(01)
Mensaje * / 00:40:20:000 / top(01) para codecont(02)
Mensaje Y / 00:40:20:000 / codecont(02) / validcode /      1.00000 para top(01)
Mensaje D / 00:40:20:000 / codecont(02) / ... para top(01)
Mensaje Y / 00:40:20:000 / top(01) / validcode /      1.00000 para Root(00)
Mensaje D / 00:40:20:000 / top(01) / ... para Root(00)
Mensaje X / 01:40:30:000 / Root(00) / input_code /  45500.00000 para top(01)
Mensaje X / 01:40:30:000 / top(01) / input_code /  45500.00000 para codecont(02)
Mensaje D / 01:40:30:000 / codecont(02) / 00:00:00:000 para top(01)
Mensaje D / 01:40:30:000 / top(01) / 00:00:00:000 para Root(00)
Mensaje * / 01:40:30:000 / Root(00) para top(01)
Mensaje * / 01:40:30:000 / top(01) para codecont(02)
Mensaje Y / 01:40:30:000 / codecont(02) / incre /      1.00000 para top(01)
Mensaje D / 01:40:30:000 / codecont(02) / ... para top(01)
Mensaje Y / 01:40:30:000 / top(01) / incre /      1.00000 para Root(00)
Mensaje D / 01:40:30:000 / top(01) / ... para Root(00)
Mensaje X / 01:41:30:000 / Root(00) / input_code /  45500.00000 para top(01)
Mensaje X / 01:41:30:000 / top(01) / input_code /  45500.00000 para codecont(02)
Mensaje D / 01:41:30:000 / codecont(02) / 00:00:00:000 para top(01)
Mensaje D / 01:41:30:000 / top(01) / 00:00:00:000 para Root(00)
Mensaje * / 01:41:30:000 / Root(00) para top(01)
Mensaje * / 01:41:30:000 / top(01) para codecont(02)
Mensaje Y / 01:41:30:000 / codecont(02) / incre /      1.00000 para top(01)
Mensaje D / 01:41:30:000 / codecont(02) / ... para top(01)
Mensaje Y / 01:41:30:000 / top(01) / incre /      1.00000 para Root(00)
Mensaje D / 01:41:30:000 / top(01) / ... para Root(00)
Mensaje X / 01:43:00:000 / Root(00) / input_code /  45500.00000 para top(01)
Mensaje X / 01:43:00:000 / top(01) / input_code /  45500.00000 para codecont(02)
Mensaje D / 01:43:00:000 / codecont(02) / 00:00:00:000 para top(01)
Mensaje D / 01:43:00:000 / top(01) / 00:00:00:000 para Root(00)
Mensaje * / 01:43:00:000 / Root(00) para top(01)
Mensaje * / 01:43:00:000 / top(01) para codecont(02)
Mensaje Y / 01:43:00:000 / codecont(02) / incre /      1.00000 para top(01)
Mensaje D / 01:43:00:000 / codecont(02) / ... para top(01)
Mensaje Y / 01:43:00:000 / top(01) / incre /      1.00000 para Root(00)
Mensaje D / 01:43:00:000 / top(01) / ... para Root(00)
Mensaje X / 01:43:10:000 / Root(00) / input_code /  45500.00000 para top(01)
Mensaje X / 01:43:10:000 / top(01) / input_code /  45500.00000 para codecont(02)
Mensaje D / 01:43:10:000 / codecont(02) / 00:00:00:000 para top(01)
Mensaje D / 01:43:10:000 / top(01) / 00:00:00:000 para Root(00)
Mensaje * / 01:43:10:000 / Root(00) para top(01)
Mensaje * / 01:43:10:000 / top(01) para codecont(02)
Mensaje Y / 01:43:10:000 / codecont(02) / incre /      1.00000 para top(01)
Mensaje D / 01:43:10:000 / codecont(02) / ... para top(01)
Mensaje Y / 01:43:10:000 / top(01) / incre /      1.00000 para Root(00)
Mensaje D / 01:43:10:000 / top(01) / ... para Root(00)
Mensaje X / 01:44:00:000 / Root(00) / input_code /  45500.00000 para top(01)
Mensaje X / 01:44:00:000 / top(01) / input_code /  45500.00000 para codecont(02)
Mensaje D / 01:44:00:000 / codecont(02) / 00:00:00:000 para top(01)
Mensaje D / 01:44:00:000 / top(01) / 00:00:00:000 para Root(00)
Mensaje * / 01:44:00:000 / Root(00) para top(01)
Mensaje * / 01:44:00:000 / top(01) para codecont(02)
Mensaje Y / 01:44:00:000 / codecont(02) / incre /      1.00000 para top(01)
Mensaje D / 01:44:00:000 / codecont(02) / ... para top(01)
Mensaje Y / 01:44:00:000 / top(01) / incre /      1.00000 para Root(00)
Mensaje D / 01:44:00:000 / top(01) / ... para Root(00)
Mensaje X / 01:44:10:000 / Root(00) / emerg_open /      1.00000 para top(01)
Mensaje X / 01:44:10:000 / top(01) / emerg_open /      1.00000 para codecont(02)
Mensaje D / 01:44:10:000 / codecont(02) / 00:00:00:000 para top(01)
Mensaje D / 01:44:10:000 / top(01) / 00:00:00:000 para Root(00)
Mensaje * / 01:44:10:000 / Root(00) para top(01)
Mensaje * / 01:44:10:000 / top(01) para codecont(02)
Mensaje Y / 01:44:10:000 / codecont(02) / emerg /      1.00000 para top(01)
Mensaje Y / 01:44:10:000 / codecont(02) / validcode /      1.00000 para top(01)
Mensaje D / 01:44:10:000 / codecont(02) / ... para top(01)
Mensaje Y / 01:44:10:000 / top(01) / emerg /      1.00000 para Root(00)
Mensaje Y / 01:44:10:000 / top(01) / validcode /      1.00000 para Root(00)
Mensaje D / 01:44:10:000 / top(01) / ... para Root(00)
