Mensaje I / 00:00:00:000 / Root(00) para top(01)
Mensaje I / 00:00:00:000 / top(01) para counter(02)
Mensaje D / 00:00:00:000 / counter(02) / 00:00:00:000 para top(01)
Mensaje D / 00:00:00:000 / top(01) / 00:00:00:000 para Root(00)
Mensaje * / 00:00:00:000 / Root(00) para top(01)
Mensaje * / 00:00:00:000 / top(01) para counter(02)
Mensaje D / 00:00:00:000 / counter(02) / ... para top(01)
Mensaje D / 00:00:00:000 / top(01) / ... para Root(00)
Mensaje X / 00:00:10:000 / Root(00) / incre /      1.00000 para top(01)
Mensaje X / 00:00:10:000 / top(01) / incre /      1.00000 para counter(02)
Mensaje D / 00:00:10:000 / counter(02) / 00:00:00:000 para top(01)
Mensaje D / 00:00:10:000 / top(01) / 00:00:00:000 para Root(00)
Mensaje * / 00:00:10:000 / Root(00) para top(01)
Mensaje * / 00:00:10:000 / top(01) para counter(02)
Mensaje D / 00:00:10:000 / counter(02) / ... para top(01)
Mensaje D / 00:00:10:000 / top(01) / ... para Root(00)
Mensaje X / 00:00:30:000 / Root(00) / incre /      1.00000 para top(01)
Mensaje X / 00:00:30:000 / top(01) / incre /      1.00000 para counter(02)
Mensaje D / 00:00:30:000 / counter(02) / ... para top(01)
Mensaje D / 00:00:30:000 / top(01) / ... para Root(00)
Mensaje X / 00:00:50:000 / Root(00) / incre /      1.00000 para top(01)
Mensaje X / 00:00:50:000 / top(01) / incre /      1.00000 para counter(02)
Mensaje D / 00:00:50:000 / counter(02) / 00:00:00:000 para top(01)
Mensaje D / 00:00:50:000 / top(01) / 00:00:00:000 para Root(00)
Mensaje * / 00:00:50:000 / Root(00) para top(01)
Mensaje * / 00:00:50:000 / top(01) para counter(02)
Mensaje Y / 00:00:50:000 / counter(02) / unauth_attempt /      1.00000 para top(01)
Mensaje D / 00:00:50:000 / counter(02) / ... para top(01)
Mensaje Y / 00:00:50:000 / top(01) / unauth_attempt /      1.00000 para Root(00)
Mensaje D / 00:00:50:000 / top(01) / ... para Root(00)
Mensaje X / 00:01:00:000 / Root(00) / incre /      1.00000 para top(01)
Mensaje X / 00:01:00:000 / top(01) / incre /      1.00000 para counter(02)
Mensaje D / 00:01:00:000 / counter(02) / 00:00:00:000 para top(01)
Mensaje D / 00:01:00:000 / top(01) / 00:00:00:000 para Root(00)
Mensaje * / 00:01:00:000 / Root(00) para top(01)
Mensaje * / 00:01:00:000 / top(01) para counter(02)
Mensaje D / 00:01:00:000 / counter(02) / ... para top(01)
Mensaje D / 00:01:00:000 / top(01) / ... para Root(00)
Mensaje X / 00:01:50:000 / Root(00) / incre /      1.00000 para top(01)
Mensaje X / 00:01:50:000 / top(01) / incre /      1.00000 para counter(02)
Mensaje D / 00:01:50:000 / counter(02) / ... para top(01)
Mensaje D / 00:01:50:000 / top(01) / ... para Root(00)
Mensaje X / 00:03:10:000 / Root(00) / incre /      1.00000 para top(01)
Mensaje X / 00:03:10:000 / top(01) / incre /      1.00000 para counter(02)
Mensaje D / 00:03:10:000 / counter(02) / 00:00:00:000 para top(01)
Mensaje D / 00:03:10:000 / top(01) / 00:00:00:000 para Root(00)
Mensaje * / 00:03:10:000 / Root(00) para top(01)
Mensaje * / 00:03:10:000 / top(01) para counter(02)
Mensaje D / 00:03:10:000 / counter(02) / ... para top(01)
Mensaje D / 00:03:10:000 / top(01) / ... para Root(00)
Mensaje X / 00:03:40:000 / Root(00) / incre /      1.00000 para top(01)
Mensaje X / 00:03:40:000 / top(01) / incre /      1.00000 para counter(02)
Mensaje D / 00:03:40:000 / counter(02) / 00:00:00:000 para top(01)
Mensaje D / 00:03:40:000 / top(01) / 00:00:00:000 para Root(00)
Mensaje * / 00:03:40:000 / Root(00) para top(01)
Mensaje * / 00:03:40:000 / top(01) para counter(02)
Mensaje Y / 00:03:40:000 / counter(02) / unauth_attempt /      1.00000 para top(01)
Mensaje D / 00:03:40:000 / counter(02) / ... para top(01)
Mensaje Y / 00:03:40:000 / top(01) / unauth_attempt /      1.00000 para Root(00)
Mensaje D / 00:03:40:000 / top(01) / ... para Root(00)
Mensaje X / 00:04:00:000 / Root(00) / incre /      1.00000 para top(01)
Mensaje X / 00:04:00:000 / top(01) / incre /      1.00000 para counter(02)
Mensaje D / 00:04:00:000 / counter(02) / 00:00:00:000 para top(01)
Mensaje D / 00:04:00:000 / top(01) / 00:00:00:000 para Root(00)
Mensaje * / 00:04:00:000 / Root(00) para top(01)
Mensaje * / 00:04:00:000 / top(01) para counter(02)
Mensaje D / 00:04:00:000 / counter(02) / ... para top(01)
Mensaje D / 00:04:00:000 / top(01) / ... para Root(00)
Mensaje X / 00:04:50:000 / Root(00) / incre /      1.00000 para top(01)
Mensaje X / 00:04:50:000 / top(01) / incre /      1.00000 para counter(02)
Mensaje D / 00:04:50:000 / counter(02) / ... para top(01)
Mensaje D / 00:04:50:000 / top(01) / ... para Root(00)
Mensaje X / 00:07:10:000 / Root(00) / incre /      1.00000 para top(01)
Mensaje X / 00:07:10:000 / top(01) / incre /      1.00000 para counter(02)
Mensaje D / 00:07:10:000 / counter(02) / 00:00:00:000 para top(01)
Mensaje D / 00:07:10:000 / top(01) / 00:00:00:000 para Root(00)
Mensaje * / 00:07:10:000 / Root(00) para top(01)
Mensaje * / 00:07:10:000 / top(01) para counter(02)
Mensaje D / 00:07:10:000 / counter(02) / ... para top(01)
Mensaje D / 00:07:10:000 / top(01) / ... para Root(00)
Mensaje X / 00:07:40:000 / Root(00) / incre /      1.00000 para top(01)
Mensaje X / 00:07:40:000 / top(01) / incre /      1.00000 para counter(02)
Mensaje D / 00:07:40:000 / counter(02) / ... para top(01)
Mensaje D / 00:07:40:000 / top(01) / ... para Root(00)
Mensaje X / 00:07:50:000 / Root(00) / incre /      1.00000 para top(01)
Mensaje X / 00:07:50:000 / top(01) / incre /      1.00000 para counter(02)
Mensaje D / 00:07:50:000 / counter(02) / 00:00:00:000 para top(01)
Mensaje D / 00:07:50:000 / top(01) / 00:00:00:000 para Root(00)
Mensaje * / 00:07:50:000 / Root(00) para top(01)
Mensaje * / 00:07:50:000 / top(01) para counter(02)
Mensaje Y / 00:07:50:000 / counter(02) / unauth_attempt /      1.00000 para top(01)
Mensaje D / 00:07:50:000 / counter(02) / ... para top(01)
Mensaje Y / 00:07:50:000 / top(01) / unauth_attempt /      1.00000 para Root(00)
Mensaje D / 00:07:50:000 / top(01) / ... para Root(00)
