Mensaje I / 00:00:00:000 / Root(00) para top(01)
Mensaje I / 00:00:00:000 / top(01) para doortimer(02)
Mensaje D / 00:00:00:000 / doortimer(02) / 00:00:00:000 para top(01)
Mensaje D / 00:00:00:000 / top(01) / 00:00:00:000 para Root(00)
Mensaje * / 00:00:00:000 / Root(00) para top(01)
Mensaje * / 00:00:00:000 / top(01) para doortimer(02)
Mensaje D / 00:00:00:000 / doortimer(02) / ... para top(01)
Mensaje D / 00:00:00:000 / top(01) / ... para Root(00)
Mensaje X / 00:00:10:000 / Root(00) / validcode /      1.00000 para top(01)
Mensaje X / 00:00:10:000 / top(01) / validcode /      1.00000 para doortimer(02)
Mensaje D / 00:00:10:000 / doortimer(02) / 00:00:00:000 para top(01)
Mensaje D / 00:00:10:000 / top(01) / 00:00:00:000 para Root(00)
Mensaje * / 00:00:10:000 / Root(00) para top(01)
Mensaje * / 00:00:10:000 / top(01) para doortimer(02)
Mensaje Y / 00:00:10:000 / doortimer(02) / dooropen /      1.00000 para top(01)
Mensaje D / 00:00:10:000 / doortimer(02) / 00:00:15:000 para top(01)
Mensaje Y / 00:00:10:000 / top(01) / dooropen /      1.00000 para Root(00)
Mensaje D / 00:00:10:000 / top(01) / 00:00:15:000 para Root(00)
Mensaje X / 00:00:20:000 / Root(00) / validcode /      1.00000 para top(01)
Mensaje X / 00:00:20:000 / top(01) / validcode /      1.00000 para doortimer(02)
Mensaje D / 00:00:20:000 / doortimer(02) / 00:00:00:000 para top(01)
Mensaje D / 00:00:20:000 / top(01) / 00:00:00:000 para Root(00)
Mensaje * / 00:00:20:000 / Root(00) para top(01)
Mensaje * / 00:00:20:000 / top(01) para doortimer(02)
Mensaje D / 00:00:20:000 / doortimer(02) / 00:00:15:000 para top(01)
Mensaje D / 00:00:20:000 / top(01) / 00:00:15:000 para Root(00)
Mensaje X / 00:00:28:000 / Root(00) / validcode /      1.00000 para top(01)
Mensaje X / 00:00:28:000 / top(01) / validcode /      1.00000 para doortimer(02)
Mensaje D / 00:00:28:000 / doortimer(02) / 00:00:00:000 para top(01)
Mensaje D / 00:00:28:000 / top(01) / 00:00:00:000 para Root(00)
Mensaje * / 00:00:28:000 / Root(00) para top(01)
Mensaje * / 00:00:28:000 / top(01) para doortimer(02)
Mensaje D / 00:00:28:000 / doortimer(02) / 00:00:15:000 para top(01)
Mensaje D / 00:00:28:000 / top(01) / 00:00:15:000 para Root(00)
Mensaje * / 00:00:43:000 / Root(00) para top(01)
Mensaje * / 00:00:43:000 / top(01) para doortimer(02)
Mensaje Y / 00:00:43:000 / doortimer(02) / dooropen /      0.00000 para top(01)
Mensaje D / 00:00:43:000 / doortimer(02) / ... para top(01)
Mensaje Y / 00:00:43:000 / top(01) / dooropen /      0.00000 para Root(00)
Mensaje D / 00:00:43:000 / top(01) / ... para Root(00)
Mensaje X / 00:01:00:000 / Root(00) / validcode /      1.00000 para top(01)
Mensaje X / 00:01:00:000 / top(01) / validcode /      1.00000 para doortimer(02)
Mensaje D / 00:01:00:000 / doortimer(02) / 00:00:00:000 para top(01)
Mensaje D / 00:01:00:000 / top(01) / 00:00:00:000 para Root(00)
Mensaje * / 00:01:00:000 / Root(00) para top(01)
Mensaje * / 00:01:00:000 / top(01) para doortimer(02)
Mensaje Y / 00:01:00:000 / doortimer(02) / dooropen /      1.00000 para top(01)
Mensaje D / 00:01:00:000 / doortimer(02) / 00:00:15:000 para top(01)
Mensaje Y / 00:01:00:000 / top(01) / dooropen /      1.00000 para Root(00)
Mensaje D / 00:01:00:000 / top(01) / 00:00:15:000 para Root(00)
Mensaje * / 00:01:15:000 / Root(00) para top(01)
Mensaje * / 00:01:15:000 / top(01) para doortimer(02)
Mensaje Y / 00:01:15:000 / doortimer(02) / dooropen /      0.00000 para top(01)
Mensaje D / 00:01:15:000 / doortimer(02) / ... para top(01)
Mensaje Y / 00:01:15:000 / top(01) / dooropen /      0.00000 para Root(00)
Mensaje D / 00:01:15:000 / top(01) / ... para Root(00)
