Mensaje I / 00:00:00:000 / Root(00) para top(01)
Mensaje I / 00:00:00:000 / top(01) para doorcont(02)
Mensaje I / 00:00:00:000 / top(01) para lightin(06)
Mensaje I / 00:00:00:000 / top(01) para lightout(07)
Mensaje I / 00:00:00:000 / top(01) para alarmgen(08)
Mensaje I / 00:00:00:000 / doorcont(02) para codecont(03)
Mensaje I / 00:00:00:000 / doorcont(02) para counter(04)
Mensaje I / 00:00:00:000 / doorcont(02) para doortimer(05)
Mensaje D / 00:00:00:000 / lightin(06) / 00:00:00:000 para top(01)
Mensaje D / 00:00:00:000 / lightout(07) / 00:00:00:000 para top(01)
Mensaje D / 00:00:00:000 / alarmgen(08) / 00:00:00:000 para top(01)
Mensaje D / 00:00:00:000 / codecont(03) / 00:00:00:000 para doorcont(02)
Mensaje D / 00:00:00:000 / counter(04) / 00:00:00:000 para doorcont(02)
Mensaje D / 00:00:00:000 / doortimer(05) / 00:00:00:000 para doorcont(02)
Mensaje D / 00:00:00:000 / doorcont(02) / 00:00:00:000 para top(01)
Mensaje D / 00:00:00:000 / top(01) / 00:00:00:000 para Root(00)
Mensaje X / 00:00:00:000 / Root(00) / open_request /     -0.38064 para top(01)
Mensaje X / 00:00:00:000 / top(01) / open_request /     -0.38064 para doorcont(02)
Mensaje X / 00:00:00:000 / doorcont(02) / open_request /     -0.38064 para codecont(03)
Mensaje D / 00:00:00:000 / codecont(03) / 00:00:00:000 para doorcont(02)
Mensaje D / 00:00:00:000 / doorcont(02) / 00:00:00:000 para top(01)
Mensaje D / 00:00:00:000 / top(01) / 00:00:00:000 para Root(00)
Mensaje * / 00:00:00:000 / Root(00) para top(01)
Mensaje * / 00:00:00:000 / top(01) para doorcont(02)
Mensaje * / 00:00:00:000 / doorcont(02) para codecont(03)
Mensaje Y / 00:00:00:000 / codecont(03) / validcode /      1.00000 para doorcont(02)
Mensaje D / 00:00:00:000 / codecont(03) / ... para doorcont(02)
Mensaje Y / 00:00:00:000 / doorcont(02) / validcode /      1.00000 para top(01)
Mensaje X / 00:00:00:000 / doorcont(02) / validcode /      1.00000 para doortimer(05)
Mensaje X / 00:00:00:000 / top(01) / validcode /      1.00000 para lightin(06)
Mensaje D / 00:00:00:000 / doortimer(05) / 00:00:00:000 para doorcont(02)
Mensaje D / 00:00:00:000 / lightin(06) / 00:00:00:000 para top(01)
Mensaje D / 00:00:00:000 / doorcont(02) / 00:00:00:000 para top(01)
Mensaje D / 00:00:00:000 / top(01) / 00:00:00:000 para Root(00)
Mensaje * / 00:00:00:000 / Root(00) para top(01)
Mensaje * / 00:00:00:000 / top(01) para doorcont(02)
Mensaje * / 00:00:00:000 / doorcont(02) para counter(04)
Mensaje D / 00:00:00:000 / counter(04) / ... para doorcont(02)
Mensaje D / 00:00:00:000 / doorcont(02) / 00:00:00:000 para top(01)
Mensaje D / 00:00:00:000 / top(01) / 00:00:00:000 para Root(00)
Mensaje * / 00:00:00:000 / Root(00) para top(01)
Mensaje * / 00:00:00:000 / top(01) para doorcont(02)
Mensaje * / 00:00:00:000 / doorcont(02) para doortimer(05)
Mensaje Y / 00:00:00:000 / doortimer(05) / dooropen /      1.00000 para doorcont(02)
Mensaje D / 00:00:00:000 / doortimer(05) / 00:00:15:000 para doorcont(02)
Mensaje Y / 00:00:00:000 / doorcont(02) / dooropen /      1.00000 para top(01)
Mensaje D / 00:00:00:000 / doorcont(02) / 00:00:15:000 para top(01)
Mensaje Y / 00:00:00:000 / top(01) / dooropen /      1.00000 para Root(00)
Mensaje D / 00:00:00:000 / top(01) / 00:00:00:000 para Root(00)
Mensaje * / 00:00:00:000 / Root(00) para top(01)
Mensaje * / 00:00:00:000 / top(01) para lightin(06)
Mensaje Y / 00:00:00:000 / lightin(06) / inlon /      1.00000 para top(01)
Mensaje D / 00:00:00:000 / lightin(06) / 00:05:00:000 para top(01)
Mensaje Y / 00:00:00:000 / top(01) / inlon /      1.00000 para Root(00)
Mensaje D / 00:00:00:000 / top(01) / 00:00:00:000 para Root(00)
Mensaje * / 00:00:00:000 / Root(00) para top(01)
Mensaje * / 00:00:00:000 / top(01) para lightout(07)
Mensaje D / 00:00:00:000 / lightout(07) / ... para top(01)
Mensaje D / 00:00:00:000 / top(01) / 00:00:00:000 para Root(00)
Mensaje * / 00:00:00:000 / Root(00) para top(01)
Mensaje * / 00:00:00:000 / top(01) para alarmgen(08)
Mensaje D / 00:00:00:000 / alarmgen(08) / ... para top(01)
Mensaje D / 00:00:00:000 / top(01) / 00:00:15:000 para Root(00)
Mensaje * / 00:00:15:000 / Root(00) para top(01)
Mensaje * / 00:00:15:000 / top(01) para doorcont(02)
Mensaje * / 00:00:15:000 / doorcont(02) para doortimer(05)
Mensaje Y / 00:00:15:000 / doortimer(05) / dooropen /      0.00000 para doorcont(02)
Mensaje D / 00:00:15:000 / doortimer(05) / ... para doorcont(02)
Mensaje Y / 00:00:15:000 / doorcont(02) / dooropen /      0.00000 para top(01)
Mensaje D / 00:00:15:000 / doorcont(02) / ... para top(01)
Mensaje Y / 00:00:15:000 / top(01) / dooropen /      0.00000 para Root(00)
Mensaje D / 00:00:15:000 / top(01) / 00:04:45:000 para Root(00)
Mensaje * / 00:05:00:000 / Root(00) para top(01)
Mensaje * / 00:05:00:000 / top(01) para lightin(06)
Mensaje Y / 00:05:00:000 / lightin(06) / inlon /      0.00000 para top(01)
Mensaje D / 00:05:00:000 / lightin(06) / ... para top(01)
Mensaje Y / 00:05:00:000 / top(01) / inlon /      0.00000 para Root(00)
Mensaje D / 00:05:00:000 / top(01) / ... para Root(00)
Mensaje X / 00:10:20:000 / Root(00) / emerg_open /     -0.38064 para top(01)
Mensaje X / 00:10:20:000 / top(01) / emerg_open /     -0.38064 para doorcont(02)
Mensaje X / 00:10:20:000 / doorcont(02) / emerg_open /     -0.38064 para codecont(03)
Mensaje D / 00:10:20:000 / codecont(03) / 00:00:00:000 para doorcont(02)
Mensaje D / 00:10:20:000 / doorcont(02) / 00:00:00:000 para top(01)
Mensaje D / 00:10:20:000 / top(01) / 00:00:00:000 para Root(00)
Mensaje * / 00:10:20:000 / Root(00) para top(01)
Mensaje * / 00:10:20:000 / top(01) para doorcont(02)
Mensaje * / 00:10:20:000 / doorcont(02) para codecont(03)
Mensaje Y / 00:10:20:000 / codecont(03) / emerg /      1.00000 para doorcont(02)
Mensaje Y / 00:10:20:000 / codecont(03) / validcode /      1.00000 para doorcont(02)
Mensaje D / 00:10:20:000 / codecont(03) / ... para doorcont(02)
Mensaje Y / 00:10:20:000 / doorcont(02) / emerg /      1.00000 para top(01)
Mensaje Y / 00:10:20:000 / doorcont(02) / validcode /      1.00000 para top(01)
Mensaje X / 00:10:20:000 / doorcont(02) / validcode /      1.00000 para doortimer(05)
Mensaje X / 00:10:20:000 / top(01) / emerg /      1.00000 para alarmgen(08)
Mensaje X / 00:10:20:000 / top(01) / validcode /      1.00000 para lightin(06)
Mensaje D / 00:10:20:000 / doortimer(05) / 00:00:00:000 para doorcont(02)
Mensaje D / 00:10:20:000 / alarmgen(08) / 00:00:00:000 para top(01)
Mensaje D / 00:10:20:000 / lightin(06) / 00:00:00:000 para top(01)
Mensaje D / 00:10:20:000 / doorcont(02) / 00:00:00:000 para top(01)
Mensaje D / 00:10:20:000 / top(01) / 00:00:00:000 para Root(00)
Mensaje * / 00:10:20:000 / Root(00) para top(01)
Mensaje * / 00:10:20:000 / top(01) para doorcont(02)
Mensaje * / 00:10:20:000 / doorcont(02) para doortimer(05)
Mensaje Y / 00:10:20:000 / doortimer(05) / dooropen /      1.00000 para doorcont(02)
Mensaje D / 00:10:20:000 / doortimer(05) / 00:00:15:000 para doorcont(02)
Mensaje Y / 00:10:20:000 / doorcont(02) / dooropen /      1.00000 para top(01)
Mensaje D / 00:10:20:000 / doorcont(02) / 00:00:15:000 para top(01)
Mensaje Y / 00:10:20:000 / top(01) / dooropen /      1.00000 para Root(00)
Mensaje D / 00:10:20:000 / top(01) / 00:00:00:000 para Root(00)
Mensaje * / 00:10:20:000 / Root(00) para top(01)
Mensaje * / 00:10:20:000 / top(01) para lightin(06)
Mensaje Y / 00:10:20:000 / lightin(06) / inlon /      1.00000 para top(01)
Mensaje D / 00:10:20:000 / lightin(06) / 00:05:00:000 para top(01)
Mensaje Y / 00:10:20:000 / top(01) / inlon /      1.00000 para Root(00)
Mensaje D / 00:10:20:000 / top(01) / 00:00:00:000 para Root(00)
Mensaje * / 00:10:20:000 / Root(00) para top(01)
Mensaje * / 00:10:20:000 / top(01) para alarmgen(08)
Mensaje Y / 00:10:20:000 / alarmgen(08) / major_alarm /      1.00000 para top(01)
Mensaje D / 00:10:20:000 / alarmgen(08) / ... para top(01)
Mensaje Y / 00:10:20:000 / top(01) / major_alarm /      1.00000 para Root(00)
Mensaje D / 00:10:20:000 / top(01) / 00:00:15:000 para Root(00)
Mensaje * / 00:10:35:000 / Root(00) para top(01)
Mensaje * / 00:10:35:000 / top(01) para doorcont(02)
Mensaje * / 00:10:35:000 / doorcont(02) para doortimer(05)
Mensaje Y / 00:10:35:000 / doortimer(05) / dooropen /      0.00000 para doorcont(02)
Mensaje D / 00:10:35:000 / doortimer(05) / ... para doorcont(02)
Mensaje Y / 00:10:35:000 / doorcont(02) / dooropen /      0.00000 para top(01)
Mensaje D / 00:10:35:000 / doorcont(02) / ... para top(01)
Mensaje Y / 00:10:35:000 / top(01) / dooropen /      0.00000 para Root(00)
Mensaje D / 00:10:35:000 / top(01) / 00:04:45:000 para Root(00)
Mensaje * / 00:15:20:000 / Root(00) para top(01)
Mensaje * / 00:15:20:000 / top(01) para lightin(06)
Mensaje Y / 00:15:20:000 / lightin(06) / inlon /      0.00000 para top(01)
Mensaje D / 00:15:20:000 / lightin(06) / ... para top(01)
Mensaje Y / 00:15:20:000 / top(01) / inlon /      0.00000 para Root(00)
Mensaje D / 00:15:20:000 / top(01) / ... para Root(00)
Mensaje X / 00:25:10:000 / Root(00) / input_code /  45968.00000 para top(01)
Mensaje X / 00:25:10:000 / top(01) / input_code /  45968.00000 para doorcont(02)
Mensaje X / 00:25:10:000 / doorcont(02) / input_code /  45968.00000 para codecont(03)
Mensaje D / 00:25:10:000 / codecont(03) / 00:00:00:000 para doorcont(02)
Mensaje D / 00:25:10:000 / doorcont(02) / 00:00:00:000 para top(01)
Mensaje D / 00:25:10:000 / top(01) / 00:00:00:000 para Root(00)
Mensaje * / 00:25:10:000 / Root(00) para top(01)
Mensaje * / 00:25:10:000 / top(01) para doorcont(02)
Mensaje * / 00:25:10:000 / doorcont(02) para codecont(03)
Mensaje Y / 00:25:10:000 / codecont(03) / validcode /      1.00000 para doorcont(02)
Mensaje D / 00:25:10:000 / codecont(03) / ... para doorcont(02)
Mensaje Y / 00:25:10:000 / doorcont(02) / validcode /      1.00000 para top(01)
Mensaje X / 00:25:10:000 / doorcont(02) / validcode /      1.00000 para doortimer(05)
Mensaje X / 00:25:10:000 / top(01) / validcode /      1.00000 para lightin(06)
Mensaje D / 00:25:10:000 / doortimer(05) / 00:00:00:000 para doorcont(02)
Mensaje D / 00:25:10:000 / lightin(06) / 00:00:00:000 para top(01)
Mensaje D / 00:25:10:000 / doorcont(02) / 00:00:00:000 para top(01)
Mensaje D / 00:25:10:000 / top(01) / 00:00:00:000 para Root(00)
Mensaje * / 00:25:10:000 / Root(00) para top(01)
Mensaje * / 00:25:10:000 / top(01) para doorcont(02)
Mensaje * / 00:25:10:000 / doorcont(02) para doortimer(05)
Mensaje Y / 00:25:10:000 / doortimer(05) / dooropen /      1.00000 para doorcont(02)
Mensaje D / 00:25:10:000 / doortimer(05) / 00:00:15:000 para doorcont(02)
Mensaje Y / 00:25:10:000 / doorcont(02) / dooropen /      1.00000 para top(01)
Mensaje D / 00:25:10:000 / doorcont(02) / 00:00:15:000 para top(01)
Mensaje Y / 00:25:10:000 / top(01) / dooropen /      1.00000 para Root(00)
Mensaje D / 00:25:10:000 / top(01) / 00:00:00:000 para Root(00)
Mensaje * / 00:25:10:000 / Root(00) para top(01)
Mensaje * / 00:25:10:000 / top(01) para lightin(06)
Mensaje Y / 00:25:10:000 / lightin(06) / inlon /      1.00000 para top(01)
Mensaje D / 00:25:10:000 / lightin(06) / 00:05:00:000 para top(01)
Mensaje Y / 00:25:10:000 / top(01) / inlon /      1.00000 para Root(00)
Mensaje D / 00:25:10:000 / top(01) / 00:00:15:000 para Root(00)
Mensaje * / 00:25:25:000 / Root(00) para top(01)
Mensaje * / 00:25:25:000 / top(01) para doorcont(02)
Mensaje * / 00:25:25:000 / doorcont(02) para doortimer(05)
Mensaje Y / 00:25:25:000 / doortimer(05) / dooropen /      0.00000 para doorcont(02)
Mensaje D / 00:25:25:000 / doortimer(05) / ... para doorcont(02)
Mensaje Y / 00:25:25:000 / doorcont(02) / dooropen /      0.00000 para top(01)
Mensaje D / 00:25:25:000 / doorcont(02) / ... para top(01)
Mensaje Y / 00:25:25:000 / top(01) / dooropen /      0.00000 para Root(00)
Mensaje D / 00:25:25:000 / top(01) / 00:04:45:000 para Root(00)
Mensaje * / 00:30:10:000 / Root(00) para top(01)
Mensaje * / 00:30:10:000 / top(01) para lightin(06)
Mensaje Y / 00:30:10:000 / lightin(06) / inlon /      0.00000 para top(01)
Mensaje D / 00:30:10:000 / lightin(06) / ... para top(01)
Mensaje Y / 00:30:10:000 / top(01) / inlon /      0.00000 para Root(00)
Mensaje D / 00:30:10:000 / top(01) / ... para Root(00)
Mensaje X / 01:40:35:000 / Root(00) / motion /     -0.38064 para top(01)
Mensaje X / 01:40:35:000 / top(01) / motion /     -0.38064 para lightout(07)
Mensaje D / 01:40:35:000 / lightout(07) / 00:00:00:000 para top(01)
Mensaje D / 01:40:35:000 / top(01) / 00:00:00:000 para Root(00)
Mensaje * / 01:40:35:000 / Root(00) para top(01)
Mensaje * / 01:40:35:000 / top(01) para lightout(07)
Mensaje Y / 01:40:35:000 / lightout(07) / outlon /      1.00000 para top(01)
Mensaje D / 01:40:35:000 / lightout(07) / 00:02:00:000 para top(01)
Mensaje Y / 01:40:35:000 / top(01) / outlon /      1.00000 para Root(00)
Mensaje D / 01:40:35:000 / top(01) / 00:02:00:000 para Root(00)
Mensaje X / 01:41:30:000 / Root(00) / input_code /  25500.00000 para top(01)
Mensaje X / 01:41:30:000 / top(01) / input_code /  25500.00000 para doorcont(02)
Mensaje X / 01:41:30:000 / doorcont(02) / input_code /  25500.00000 para codecont(03)
Mensaje D / 01:41:30:000 / codecont(03) / 00:00:00:000 para doorcont(02)
Mensaje D / 01:41:30:000 / doorcont(02) / 00:00:00:000 para top(01)
Mensaje D / 01:41:30:000 / top(01) / 00:00:00:000 para Root(00)
Mensaje * / 01:41:30:000 / Root(00) para top(01)
Mensaje * / 01:41:30:000 / top(01) para doorcont(02)
Mensaje * / 01:41:30:000 / doorcont(02) para codecont(03)
Mensaje Y / 01:41:30:000 / codecont(03) / incre /      1.00000 para doorcont(02)
Mensaje D / 01:41:30:000 / codecont(03) / ... para doorcont(02)
Mensaje X / 01:41:30:000 / doorcont(02) / incre /      1.00000 para counter(04)
Mensaje D / 01:41:30:000 / counter(04) / 00:00:00:000 para doorcont(02)
Mensaje D / 01:41:30:000 / doorcont(02) / 00:00:00:000 para top(01)
Mensaje D / 01:41:30:000 / top(01) / 00:00:00:000 para Root(00)
Mensaje * / 01:41:30:000 / Root(00) para top(01)
Mensaje * / 01:41:30:000 / top(01) para doorcont(02)
Mensaje * / 01:41:30:000 / doorcont(02) para counter(04)
Mensaje D / 01:41:30:000 / counter(04) / ... para doorcont(02)
Mensaje D / 01:41:30:000 / doorcont(02) / ... para top(01)
Mensaje D / 01:41:30:000 / top(01) / 00:01:05:000 para Root(00)
Mensaje * / 01:42:35:000 / Root(00) para top(01)
Mensaje * / 01:42:35:000 / top(01) para lightout(07)
Mensaje Y / 01:42:35:000 / lightout(07) / outlon /      0.00000 para top(01)
Mensaje D / 01:42:35:000 / lightout(07) / ... para top(01)
Mensaje Y / 01:42:35:000 / top(01) / outlon /      0.00000 para Root(00)
Mensaje D / 01:42:35:000 / top(01) / ... para Root(00)
Mensaje X / 01:43:00:000 / Root(00) / input_code /   9870.00000 para top(01)
Mensaje X / 01:43:00:000 / top(01) / input_code /   9870.00000 para doorcont(02)
Mensaje X / 01:43:00:000 / doorcont(02) / input_code /   9870.00000 para codecont(03)
Mensaje D / 01:43:00:000 / codecont(03) / 00:00:00:000 para doorcont(02)
Mensaje D / 01:43:00:000 / doorcont(02) / 00:00:00:000 para top(01)
Mensaje D / 01:43:00:000 / top(01) / 00:00:00:000 para Root(00)
Mensaje * / 01:43:00:000 / Root(00) para top(01)
Mensaje * / 01:43:00:000 / top(01) para doorcont(02)
Mensaje * / 01:43:00:000 / doorcont(02) para codecont(03)
Mensaje Y / 01:43:00:000 / codecont(03) / incre /      1.00000 para doorcont(02)
Mensaje D / 01:43:00:000 / codecont(03) / ... para doorcont(02)
Mensaje X / 01:43:00:000 / doorcont(02) / incre /      1.00000 para counter(04)
Mensaje D / 01:43:00:000 / counter(04) / ... para doorcont(02)
Mensaje D / 01:43:00:000 / doorcont(02) / ... para top(01)
Mensaje D / 01:43:00:000 / top(01) / ... para Root(00)
Mensaje X / 01:44:20:000 / Root(00) / input_code /  11111.00000 para top(01)
Mensaje X / 01:44:20:000 / top(01) / input_code /  11111.00000 para doorcont(02)
Mensaje X / 01:44:20:000 / doorcont(02) / input_code /  11111.00000 para codecont(03)
Mensaje D / 01:44:20:000 / codecont(03) / 00:00:00:000 para doorcont(02)
Mensaje D / 01:44:20:000 / doorcont(02) / 00:00:00:000 para top(01)
Mensaje D / 01:44:20:000 / top(01) / 00:00:00:000 para Root(00)
Mensaje * / 01:44:20:000 / Root(00) para top(01)
Mensaje * / 01:44:20:000 / top(01) para doorcont(02)
Mensaje * / 01:44:20:000 / doorcont(02) para codecont(03)
Mensaje Y / 01:44:20:000 / codecont(03) / incre /      1.00000 para doorcont(02)
Mensaje D / 01:44:20:000 / codecont(03) / ... para doorcont(02)
Mensaje X / 01:44:20:000 / doorcont(02) / incre /      1.00000 para counter(04)
Mensaje D / 01:44:20:000 / counter(04) / 00:00:00:000 para doorcont(02)
Mensaje D / 01:44:20:000 / doorcont(02) / 00:00:00:000 para top(01)
Mensaje D / 01:44:20:000 / top(01) / 00:00:00:000 para Root(00)
Mensaje * / 01:44:20:000 / Root(00) para top(01)
Mensaje * / 01:44:20:000 / top(01) para doorcont(02)
Mensaje * / 01:44:20:000 / doorcont(02) para counter(04)
Mensaje D / 01:44:20:000 / counter(04) / ... para doorcont(02)
Mensaje D / 01:44:20:000 / doorcont(02) / ... para top(01)
Mensaje D / 01:44:20:000 / top(01) / ... para Root(00)
Mensaje X / 01:45:50:000 / Root(00) / light /      1.00000 para top(01)
Mensaje X / 01:45:50:000 / top(01) / light /      1.00000 para lightout(07)
Mensaje D / 01:45:50:000 / lightout(07) / 00:00:00:000 para top(01)
Mensaje D / 01:45:50:000 / top(01) / 00:00:00:000 para Root(00)
Mensaje * / 01:45:50:000 / Root(00) para top(01)
Mensaje * / 01:45:50:000 / top(01) para lightout(07)
Mensaje D / 01:45:50:000 / lightout(07) / ... para top(01)
Mensaje D / 01:45:50:000 / top(01) / ... para Root(00)
Mensaje X / 01:46:05:000 / Root(00) / motion /     -0.38064 para top(01)
Mensaje X / 01:46:05:000 / top(01) / motion /     -0.38064 para lightout(07)
Mensaje D / 01:46:05:000 / lightout(07) / 00:00:00:000 para top(01)
Mensaje D / 01:46:05:000 / top(01) / 00:00:00:000 para Root(00)
Mensaje * / 01:46:05:000 / Root(00) para top(01)
Mensaje * / 01:46:05:000 / top(01) para lightout(07)
Mensaje D / 01:46:05:000 / lightout(07) / ... para top(01)
Mensaje D / 01:46:05:000 / top(01) / ... para Root(00)
Mensaje X / 01:47:00:000 / Root(00) / light /      0.00000 para top(01)
Mensaje X / 01:47:00:000 / top(01) / light /      0.00000 para lightout(07)
Mensaje D / 01:47:00:000 / lightout(07) / 00:00:00:000 para top(01)
Mensaje D / 01:47:00:000 / top(01) / 00:00:00:000 para Root(00)
Mensaje * / 01:47:00:000 / Root(00) para top(01)
Mensaje * / 01:47:00:000 / top(01) para lightout(07)
Mensaje D / 01:47:00:000 / lightout(07) / ... para top(01)
Mensaje D / 01:47:00:000 / top(01) / ... para Root(00)
Mensaje X / 01:48:00:000 / Root(00) / motion /     -0.38064 para top(01)
Mensaje X / 01:48:00:000 / top(01) / motion /     -0.38064 para lightout(07)
Mensaje D / 01:48:00:000 / lightout(07) / 00:00:00:000 para top(01)
Mensaje D / 01:48:00:000 / top(01) / 00:00:00:000 para Root(00)
Mensaje * / 01:48:00:000 / Root(00) para top(01)
Mensaje * / 01:48:00:000 / top(01) para lightout(07)
Mensaje Y / 01:48:00:000 / lightout(07) / outlon /      1.00000 para top(01)
Mensaje D / 01:48:00:000 / lightout(07) / 00:02:00:000 para top(01)
Mensaje Y / 01:48:00:000 / top(01) / outlon /      1.00000 para Root(00)
Mensaje D / 01:48:00:000 / top(01) / 00:02:00:000 para Root(00)
Mensaje * / 01:50:00:000 / Root(00) para top(01)
Mensaje * / 01:50:00:000 / top(01) para lightout(07)
Mensaje Y / 01:50:00:000 / lightout(07) / outlon /      0.00000 para top(01)
Mensaje D / 01:50:00:000 / lightout(07) / ... para top(01)
Mensaje Y / 01:50:00:000 / top(01) / outlon /      0.00000 para Root(00)
Mensaje D / 01:50:00:000 / top(01) / ... para Root(00)
Mensaje X / 02:30:00:000 / Root(00) / input_code /  45500.00000 para top(01)
Mensaje X / 02:30:00:000 / top(01) / input_code /  45500.00000 para doorcont(02)
Mensaje X / 02:30:00:000 / doorcont(02) / input_code /  45500.00000 para codecont(03)
Mensaje D / 02:30:00:000 / codecont(03) / 00:00:00:000 para doorcont(02)
Mensaje D / 02:30:00:000 / doorcont(02) / 00:00:00:000 para top(01)
Mensaje D / 02:30:00:000 / top(01) / 00:00:00:000 para Root(00)
Mensaje * / 02:30:00:000 / Root(00) para top(01)
Mensaje * / 02:30:00:000 / top(01) para doorcont(02)
Mensaje * / 02:30:00:000 / doorcont(02) para codecont(03)
Mensaje Y / 02:30:00:000 / codecont(03) / incre /      1.00000 para doorcont(02)
Mensaje D / 02:30:00:000 / codecont(03) / ... para doorcont(02)
Mensaje X / 02:30:00:000 / doorcont(02) / incre /      1.00000 para counter(04)
Mensaje D / 02:30:00:000 / counter(04) / 00:00:00:000 para doorcont(02)
Mensaje D / 02:30:00:000 / doorcont(02) / 00:00:00:000 para top(01)
Mensaje D / 02:30:00:000 / top(01) / 00:00:00:000 para Root(00)
Mensaje * / 02:30:00:000 / Root(00) para top(01)
Mensaje * / 02:30:00:000 / top(01) para doorcont(02)
Mensaje * / 02:30:00:000 / doorcont(02) para counter(04)
Mensaje D / 02:30:00:000 / counter(04) / ... para doorcont(02)
Mensaje D / 02:30:00:000 / doorcont(02) / ... para top(01)
Mensaje D / 02:30:00:000 / top(01) / ... para Root(00)
Mensaje X / 02:31:30:000 / Root(00) / input_code /  25500.00000 para top(01)
Mensaje X / 02:31:30:000 / top(01) / input_code /  25500.00000 para doorcont(02)
Mensaje X / 02:31:30:000 / doorcont(02) / input_code /  25500.00000 para codecont(03)
Mensaje D / 02:31:30:000 / codecont(03) / 00:00:00:000 para doorcont(02)
Mensaje D / 02:31:30:000 / doorcont(02) / 00:00:00:000 para top(01)
Mensaje D / 02:31:30:000 / top(01) / 00:00:00:000 para Root(00)
Mensaje * / 02:31:30:000 / Root(00) para top(01)
Mensaje * / 02:31:30:000 / top(01) para doorcont(02)
Mensaje * / 02:31:30:000 / doorcont(02) para codecont(03)
Mensaje Y / 02:31:30:000 / codecont(03) / incre /      1.00000 para doorcont(02)
Mensaje D / 02:31:30:000 / codecont(03) / ... para doorcont(02)
Mensaje X / 02:31:30:000 / doorcont(02) / incre /      1.00000 para counter(04)
Mensaje D / 02:31:30:000 / counter(04) / ... para doorcont(02)
Mensaje D / 02:31:30:000 / doorcont(02) / ... para top(01)
Mensaje D / 02:31:30:000 / top(01) / ... para Root(00)
Mensaje X / 02:33:00:000 / Root(00) / input_code /   9870.00000 para top(01)
Mensaje X / 02:33:00:000 / top(01) / input_code /   9870.00000 para doorcont(02)
Mensaje X / 02:33:00:000 / doorcont(02) / input_code /   9870.00000 para codecont(03)
Mensaje D / 02:33:00:000 / codecont(03) / 00:00:00:000 para doorcont(02)
Mensaje D / 02:33:00:000 / doorcont(02) / 00:00:00:000 para top(01)
Mensaje D / 02:33:00:000 / top(01) / 00:00:00:000 para Root(00)
Mensaje * / 02:33:00:000 / Root(00) para top(01)
Mensaje * / 02:33:00:000 / top(01) para doorcont(02)
Mensaje * / 02:33:00:000 / doorcont(02) para codecont(03)
Mensaje Y / 02:33:00:000 / codecont(03) / incre /      1.00000 para doorcont(02)
Mensaje D / 02:33:00:000 / codecont(03) / ... para doorcont(02)
Mensaje X / 02:33:00:000 / doorcont(02) / incre /      1.00000 para counter(04)
Mensaje D / 02:33:00:000 / counter(04) / 00:00:00:000 para doorcont(02)
Mensaje D / 02:33:00:000 / doorcont(02) / 00:00:00:000 para top(01)
Mensaje D / 02:33:00:000 / top(01) / 00:00:00:000 para Root(00)
Mensaje * / 02:33:00:000 / Root(00) para top(01)
Mensaje * / 02:33:00:000 / top(01) para doorcont(02)
Mensaje * / 02:33:00:000 / doorcont(02) para counter(04)
Mensaje D / 02:33:00:000 / counter(04) / ... para doorcont(02)
Mensaje D / 02:33:00:000 / doorcont(02) / ... para top(01)
Mensaje D / 02:33:00:000 / top(01) / ... para Root(00)
Mensaje X / 02:33:20:000 / Root(00) / input_code /  11111.00000 para top(01)
Mensaje X / 02:33:20:000 / top(01) / input_code /  11111.00000 para doorcont(02)
Mensaje X / 02:33:20:000 / doorcont(02) / input_code /  11111.00000 para codecont(03)
Mensaje D / 02:33:20:000 / codecont(03) / 00:00:00:000 para doorcont(02)
Mensaje D / 02:33:20:000 / doorcont(02) / 00:00:00:000 para top(01)
Mensaje D / 02:33:20:000 / top(01) / 00:00:00:000 para Root(00)
Mensaje * / 02:33:20:000 / Root(00) para top(01)
Mensaje * / 02:33:20:000 / top(01) para doorcont(02)
Mensaje * / 02:33:20:000 / doorcont(02) para codecont(03)
Mensaje Y / 02:33:20:000 / codecont(03) / incre /      1.00000 para doorcont(02)
Mensaje D / 02:33:20:000 / codecont(03) / ... para doorcont(02)
Mensaje X / 02:33:20:000 / doorcont(02) / incre /      1.00000 para counter(04)
Mensaje D / 02:33:20:000 / counter(04) / 00:00:00:000 para doorcont(02)
Mensaje D / 02:33:20:000 / doorcont(02) / 00:00:00:000 para top(01)
Mensaje D / 02:33:20:000 / top(01) / 00:00:00:000 para Root(00)
Mensaje * / 02:33:20:000 / Root(00) para top(01)
Mensaje * / 02:33:20:000 / top(01) para doorcont(02)
Mensaje * / 02:33:20:000 / doorcont(02) para counter(04)
Mensaje Y / 02:33:20:000 / counter(04) / unauth_attempt /      1.00000 para doorcont(02)
Mensaje D / 02:33:20:000 / counter(04) / ... para doorcont(02)
Mensaje Y / 02:33:20:000 / doorcont(02) / unauth_attempt /      1.00000 para top(01)
Mensaje D / 02:33:20:000 / doorcont(02) / ... para top(01)
Mensaje X / 02:33:20:000 / top(01) / unauth_attempt /      1.00000 para alarmgen(08)
Mensaje D / 02:33:20:000 / alarmgen(08) / 00:00:00:000 para top(01)
Mensaje D / 02:33:20:000 / top(01) / 00:00:00:000 para Root(00)
Mensaje * / 02:33:20:000 / Root(00) para top(01)
Mensaje * / 02:33:20:000 / top(01) para alarmgen(08)
Mensaje Y / 02:33:20:000 / alarmgen(08) / minor_alarm /      1.00000 para top(01)
Mensaje D / 02:33:20:000 / alarmgen(08) / ... para top(01)
Mensaje Y / 02:33:20:000 / top(01) / minor_alarm /      1.00000 para Root(00)
Mensaje D / 02:33:20:000 / top(01) / ... para Root(00)
Mensaje X / 04:45:00:000 / Root(00) / alarm_reset /      1.00000 para top(01)
Mensaje X / 04:45:00:000 / top(01) / alarm_reset /      1.00000 para alarmgen(08)
Mensaje D / 04:45:00:000 / alarmgen(08) / 00:00:00:000 para top(01)
Mensaje D / 04:45:00:000 / top(01) / 00:00:00:000 para Root(00)
Mensaje * / 04:45:00:000 / Root(00) para top(01)
Mensaje * / 04:45:00:000 / top(01) para alarmgen(08)
Mensaje Y / 04:45:00:000 / alarmgen(08) / minor_alarm /      0.00000 para top(01)
Mensaje Y / 04:45:00:000 / alarmgen(08) / major_alarm /      0.00000 para top(01)
Mensaje D / 04:45:00:000 / alarmgen(08) / ... para top(01)
Mensaje Y / 04:45:00:000 / top(01) / minor_alarm /      0.00000 para Root(00)
Mensaje Y / 04:45:00:000 / top(01) / major_alarm /      0.00000 para Root(00)
Mensaje D / 04:45:00:000 / top(01) / ... para Root(00)
Mensaje X / 04:45:20:000 / Root(00) / emerg_open /     -0.38064 para top(01)
Mensaje X / 04:45:20:000 / top(01) / emerg_open /     -0.38064 para doorcont(02)
Mensaje X / 04:45:20:000 / doorcont(02) / emerg_open /     -0.38064 para codecont(03)
Mensaje D / 04:45:20:000 / codecont(03) / 00:00:00:000 para doorcont(02)
Mensaje D / 04:45:20:000 / doorcont(02) / 00:00:00:000 para top(01)
Mensaje D / 04:45:20:000 / top(01) / 00:00:00:000 para Root(00)
Mensaje * / 04:45:20:000 / Root(00) para top(01)
Mensaje * / 04:45:20:000 / top(01) para doorcont(02)
Mensaje * / 04:45:20:000 / doorcont(02) para codecont(03)
Mensaje Y / 04:45:20:000 / codecont(03) / emerg /      1.00000 para doorcont(02)
Mensaje Y / 04:45:20:000 / codecont(03) / validcode /      1.00000 para doorcont(02)
Mensaje D / 04:45:20:000 / codecont(03) / ... para doorcont(02)
Mensaje Y / 04:45:20:000 / doorcont(02) / emerg /      1.00000 para top(01)
Mensaje Y / 04:45:20:000 / doorcont(02) / validcode /      1.00000 para top(01)
Mensaje X / 04:45:20:000 / doorcont(02) / validcode /      1.00000 para doortimer(05)
Mensaje X / 04:45:20:000 / top(01) / emerg /      1.00000 para alarmgen(08)
Mensaje X / 04:45:20:000 / top(01) / validcode /      1.00000 para lightin(06)
Mensaje D / 04:45:20:000 / doortimer(05) / 00:00:00:000 para doorcont(02)
Mensaje D / 04:45:20:000 / alarmgen(08) / 00:00:00:000 para top(01)
Mensaje D / 04:45:20:000 / lightin(06) / 00:00:00:000 para top(01)
Mensaje D / 04:45:20:000 / doorcont(02) / 00:00:00:000 para top(01)
Mensaje D / 04:45:20:000 / top(01) / 00:00:00:000 para Root(00)
Mensaje * / 04:45:20:000 / Root(00) para top(01)
Mensaje * / 04:45:20:000 / top(01) para doorcont(02)
Mensaje * / 04:45:20:000 / doorcont(02) para doortimer(05)
Mensaje Y / 04:45:20:000 / doortimer(05) / dooropen /      1.00000 para doorcont(02)
Mensaje D / 04:45:20:000 / doortimer(05) / 00:00:15:000 para doorcont(02)
Mensaje Y / 04:45:20:000 / doorcont(02) / dooropen /      1.00000 para top(01)
Mensaje D / 04:45:20:000 / doorcont(02) / 00:00:15:000 para top(01)
Mensaje Y / 04:45:20:000 / top(01) / dooropen /      1.00000 para Root(00)
Mensaje D / 04:45:20:000 / top(01) / 00:00:00:000 para Root(00)
Mensaje * / 04:45:20:000 / Root(00) para top(01)
Mensaje * / 04:45:20:000 / top(01) para lightin(06)
Mensaje Y / 04:45:20:000 / lightin(06) / inlon /      1.00000 para top(01)
Mensaje D / 04:45:20:000 / lightin(06) / 00:05:00:000 para top(01)
Mensaje Y / 04:45:20:000 / top(01) / inlon /      1.00000 para Root(00)
Mensaje D / 04:45:20:000 / top(01) / 00:00:00:000 para Root(00)
Mensaje * / 04:45:20:000 / Root(00) para top(01)
Mensaje * / 04:45:20:000 / top(01) para alarmgen(08)
Mensaje Y / 04:45:20:000 / alarmgen(08) / major_alarm /      1.00000 para top(01)
Mensaje D / 04:45:20:000 / alarmgen(08) / ... para top(01)
Mensaje Y / 04:45:20:000 / top(01) / major_alarm /      1.00000 para Root(00)
Mensaje D / 04:45:20:000 / top(01) / 00:00:15:000 para Root(00)
Mensaje * / 04:45:35:000 / Root(00) para top(01)
Mensaje * / 04:45:35:000 / top(01) para doorcont(02)
Mensaje * / 04:45:35:000 / doorcont(02) para doortimer(05)
Mensaje Y / 04:45:35:000 / doortimer(05) / dooropen /      0.00000 para doorcont(02)
Mensaje D / 04:45:35:000 / doortimer(05) / ... para doorcont(02)
Mensaje Y / 04:45:35:000 / doorcont(02) / dooropen /      0.00000 para top(01)
Mensaje D / 04:45:35:000 / doorcont(02) / ... para top(01)
Mensaje Y / 04:45:35:000 / top(01) / dooropen /      0.00000 para Root(00)
Mensaje D / 04:45:35:000 / top(01) / 00:04:45:000 para Root(00)
Mensaje * / 04:50:20:000 / Root(00) para top(01)
Mensaje * / 04:50:20:000 / top(01) para lightin(06)
Mensaje Y / 04:50:20:000 / lightin(06) / inlon /      0.00000 para top(01)
Mensaje D / 04:50:20:000 / lightin(06) / ... para top(01)
Mensaje Y / 04:50:20:000 / top(01) / inlon /      0.00000 para Root(00)
Mensaje D / 04:50:20:000 / top(01) / ... para Root(00)
Mensaje X / 05:30:00:000 / Root(00) / input_code /  45500.00000 para top(01)
Mensaje X / 05:30:00:000 / top(01) / input_code /  45500.00000 para doorcont(02)
Mensaje X / 05:30:00:000 / doorcont(02) / input_code /  45500.00000 para codecont(03)
Mensaje D / 05:30:00:000 / codecont(03) / 00:00:00:000 para doorcont(02)
Mensaje D / 05:30:00:000 / doorcont(02) / 00:00:00:000 para top(01)
Mensaje D / 05:30:00:000 / top(01) / 00:00:00:000 para Root(00)
Mensaje * / 05:30:00:000 / Root(00) para top(01)
Mensaje * / 05:30:00:000 / top(01) para doorcont(02)
Mensaje * / 05:30:00:000 / doorcont(02) para codecont(03)
Mensaje Y / 05:30:00:000 / codecont(03) / incre /      1.00000 para doorcont(02)
Mensaje D / 05:30:00:000 / codecont(03) / ... para doorcont(02)
Mensaje X / 05:30:00:000 / doorcont(02) / incre /      1.00000 para counter(04)
Mensaje D / 05:30:00:000 / counter(04) / 00:00:00:000 para doorcont(02)
Mensaje D / 05:30:00:000 / doorcont(02) / 00:00:00:000 para top(01)
Mensaje D / 05:30:00:000 / top(01) / 00:00:00:000 para Root(00)
Mensaje * / 05:30:00:000 / Root(00) para top(01)
Mensaje * / 05:30:00:000 / top(01) para doorcont(02)
Mensaje * / 05:30:00:000 / doorcont(02) para counter(04)
Mensaje D / 05:30:00:000 / counter(04) / ... para doorcont(02)
Mensaje D / 05:30:00:000 / doorcont(02) / ... para top(01)
Mensaje D / 05:30:00:000 / top(01) / ... para Root(00)
Mensaje X / 05:50:30:000 / Root(00) / input_code /  25500.00000 para top(01)
Mensaje X / 05:50:30:000 / top(01) / input_code /  25500.00000 para doorcont(02)
Mensaje X / 05:50:30:000 / doorcont(02) / input_code /  25500.00000 para codecont(03)
Mensaje D / 05:50:30:000 / codecont(03) / 00:00:00:000 para doorcont(02)
Mensaje D / 05:50:30:000 / doorcont(02) / 00:00:00:000 para top(01)
Mensaje D / 05:50:30:000 / top(01) / 00:00:00:000 para Root(00)
Mensaje * / 05:50:30:000 / Root(00) para top(01)
Mensaje * / 05:50:30:000 / top(01) para doorcont(02)
Mensaje * / 05:50:30:000 / doorcont(02) para codecont(03)
Mensaje Y / 05:50:30:000 / codecont(03) / incre /      1.00000 para doorcont(02)
Mensaje D / 05:50:30:000 / codecont(03) / ... para doorcont(02)
Mensaje X / 05:50:30:000 / doorcont(02) / incre /      1.00000 para counter(04)
Mensaje D / 05:50:30:000 / counter(04) / ... para doorcont(02)
Mensaje D / 05:50:30:000 / doorcont(02) / ... para top(01)
Mensaje D / 05:50:30:000 / top(01) / ... para Root(00)
Mensaje X / 05:55:20:000 / Root(00) / input_code /   9870.00000 para top(01)
Mensaje X / 05:55:20:000 / top(01) / input_code /   9870.00000 para doorcont(02)
Mensaje X / 05:55:20:000 / doorcont(02) / input_code /   9870.00000 para codecont(03)
Mensaje D / 05:55:20:000 / codecont(03) / 00:00:00:000 para doorcont(02)
Mensaje D / 05:55:20:000 / doorcont(02) / 00:00:00:000 para top(01)
Mensaje D / 05:55:20:000 / top(01) / 00:00:00:000 para Root(00)
Mensaje * / 05:55:20:000 / Root(00) para top(01)
Mensaje * / 05:55:20:000 / top(01) para doorcont(02)
Mensaje * / 05:55:20:000 / doorcont(02) para codecont(03)
Mensaje Y / 05:55:20:000 / codecont(03) / incre /      1.00000 para doorcont(02)
Mensaje D / 05:55:20:000 / codecont(03) / ... para doorcont(02)
Mensaje X / 05:55:20:000 / doorcont(02) / incre /      1.00000 para counter(04)
Mensaje D / 05:55:20:000 / counter(04) / 00:00:00:000 para doorcont(02)
Mensaje D / 05:55:20:000 / doorcont(02) / 00:00:00:000 para top(01)
Mensaje D / 05:55:20:000 / top(01) / 00:00:00:000 para Root(00)
Mensaje * / 05:55:20:000 / Root(00) para top(01)
Mensaje * / 05:55:20:000 / top(01) para doorcont(02)
Mensaje * / 05:55:20:000 / doorcont(02) para counter(04)
Mensaje D / 05:55:20:000 / counter(04) / ... para doorcont(02)
Mensaje D / 05:55:20:000 / doorcont(02) / ... para top(01)
Mensaje D / 05:55:20:000 / top(01) / ... para Root(00)
Mensaje X / 05:56:20:000 / Root(00) / input_code /  11111.00000 para top(01)
Mensaje X / 05:56:20:000 / top(01) / input_code /  11111.00000 para doorcont(02)
Mensaje X / 05:56:20:000 / doorcont(02) / input_code /  11111.00000 para codecont(03)
Mensaje D / 05:56:20:000 / codecont(03) / 00:00:00:000 para doorcont(02)
Mensaje D / 05:56:20:000 / doorcont(02) / 00:00:00:000 para top(01)
Mensaje D / 05:56:20:000 / top(01) / 00:00:00:000 para Root(00)
Mensaje * / 05:56:20:000 / Root(00) para top(01)
Mensaje * / 05:56:20:000 / top(01) para doorcont(02)
Mensaje * / 05:56:20:000 / doorcont(02) para codecont(03)
Mensaje Y / 05:56:20:000 / codecont(03) / incre /      1.00000 para doorcont(02)
Mensaje D / 05:56:20:000 / codecont(03) / ... para doorcont(02)
Mensaje X / 05:56:20:000 / doorcont(02) / incre /      1.00000 para counter(04)
Mensaje D / 05:56:20:000 / counter(04) / ... para doorcont(02)
Mensaje D / 05:56:20:000 / doorcont(02) / ... para top(01)
Mensaje D / 05:56:20:000 / top(01) / ... para Root(00)
Mensaje X / 05:57:10:000 / Root(00) / input_code /   9870.00000 para top(01)
Mensaje X / 05:57:10:000 / top(01) / input_code /   9870.00000 para doorcont(02)
Mensaje X / 05:57:10:000 / doorcont(02) / input_code /   9870.00000 para codecont(03)
Mensaje D / 05:57:10:000 / codecont(03) / 00:00:00:000 para doorcont(02)
Mensaje D / 05:57:10:000 / doorcont(02) / 00:00:00:000 para top(01)
Mensaje D / 05:57:10:000 / top(01) / 00:00:00:000 para Root(00)
Mensaje * / 05:57:10:000 / Root(00) para top(01)
Mensaje * / 05:57:10:000 / top(01) para doorcont(02)
Mensaje * / 05:57:10:000 / doorcont(02) para codecont(03)
Mensaje Y / 05:57:10:000 / codecont(03) / incre /      1.00000 para doorcont(02)
Mensaje D / 05:57:10:000 / codecont(03) / ... para doorcont(02)
Mensaje X / 05:57:10:000 / doorcont(02) / incre /      1.00000 para counter(04)
Mensaje D / 05:57:10:000 / counter(04) / 00:00:00:000 para doorcont(02)
Mensaje D / 05:57:10:000 / doorcont(02) / 00:00:00:000 para top(01)
Mensaje D / 05:57:10:000 / top(01) / 00:00:00:000 para Root(00)
Mensaje * / 05:57:10:000 / Root(00) para top(01)
Mensaje * / 05:57:10:000 / top(01) para doorcont(02)
Mensaje * / 05:57:10:000 / doorcont(02) para counter(04)
Mensaje Y / 05:57:10:000 / counter(04) / unauth_attempt /      1.00000 para doorcont(02)
Mensaje D / 05:57:10:000 / counter(04) / ... para doorcont(02)
Mensaje Y / 05:57:10:000 / doorcont(02) / unauth_attempt /      1.00000 para top(01)
Mensaje D / 05:57:10:000 / doorcont(02) / ... para top(01)
Mensaje X / 05:57:10:000 / top(01) / unauth_attempt /      1.00000 para alarmgen(08)
Mensaje D / 05:57:10:000 / alarmgen(08) / 00:00:00:000 para top(01)
Mensaje D / 05:57:10:000 / top(01) / 00:00:00:000 para Root(00)
Mensaje * / 05:57:10:000 / Root(00) para top(01)
Mensaje * / 05:57:10:000 / top(01) para alarmgen(08)
Mensaje Y / 05:57:10:000 / alarmgen(08) / minor_alarm /      1.00000 para top(01)
Mensaje D / 05:57:10:000 / alarmgen(08) / ... para top(01)
Mensaje Y / 05:57:10:000 / top(01) / minor_alarm /      1.00000 para Root(00)
Mensaje D / 05:57:10:000 / top(01) / ... para Root(00)
