Mensaje I / 00:00:00:000 / Root(00) para top(01)
Mensaje I / 00:00:00:000 / top(01) para lightout(02)
Mensaje D / 00:00:00:000 / lightout(02) / 00:00:00:000 para top(01)
Mensaje D / 00:00:00:000 / top(01) / 00:00:00:000 para Root(00)
Mensaje * / 00:00:00:000 / Root(00) para top(01)
Mensaje * / 00:00:00:000 / top(01) para lightout(02)
Mensaje D / 00:00:00:000 / lightout(02) / ... para top(01)
Mensaje D / 00:00:00:000 / top(01) / ... para Root(00)
Mensaje X / 00:00:10:000 / Root(00) / motion /     -0.38064 para top(01)
Mensaje X / 00:00:10:000 / top(01) / motion /     -0.38064 para lightout(02)
Mensaje D / 00:00:10:000 / lightout(02) / 00:00:00:000 para top(01)
Mensaje D / 00:00:10:000 / top(01) / 00:00:00:000 para Root(00)
Mensaje * / 00:00:10:000 / Root(00) para top(01)
Mensaje * / 00:00:10:000 / top(01) para lightout(02)
Mensaje Y / 00:00:10:000 / lightout(02) / outlon /      1.00000 para top(01)
Mensaje D / 00:00:10:000 / lightout(02) / 00:02:00:000 para top(01)
Mensaje Y / 00:00:10:000 / top(01) / outlon /      1.00000 para Root(00)
Mensaje D / 00:00:10:000 / top(01) / 00:02:00:000 para Root(00)
Mensaje X / 00:00:15:000 / Root(00) / motion /     -0.38064 para top(01)
Mensaje X / 00:00:15:000 / top(01) / motion /     -0.38064 para lightout(02)
Mensaje D / 00:00:15:000 / lightout(02) / 00:00:00:000 para top(01)
Mensaje D / 00:00:15:000 / top(01) / 00:00:00:000 para Root(00)
Mensaje * / 00:00:15:000 / Root(00) para top(01)
Mensaje * / 00:00:15:000 / top(01) para lightout(02)
Mensaje D / 00:00:15:000 / lightout(02) / 00:01:55:000 para top(01)
Mensaje D / 00:00:15:000 / top(01) / 00:01:55:000 para Root(00)
Mensaje * / 00:02:10:000 / Root(00) para top(01)
Mensaje * / 00:02:10:000 / top(01) para lightout(02)
Mensaje Y / 00:02:10:000 / lightout(02) / outlon /      0.00000 para top(01)
Mensaje D / 00:02:10:000 / lightout(02) / ... para top(01)
Mensaje Y / 00:02:10:000 / top(01) / outlon /      0.00000 para Root(00)
Mensaje D / 00:02:10:000 / top(01) / ... para Root(00)
Mensaje X / 00:03:00:000 / Root(00) / motion /     -0.38064 para top(01)
Mensaje X / 00:03:00:000 / top(01) / motion /     -0.38064 para lightout(02)
Mensaje D / 00:03:00:000 / lightout(02) / 00:00:00:000 para top(01)
Mensaje D / 00:03:00:000 / top(01) / 00:00:00:000 para Root(00)
Mensaje * / 00:03:00:000 / Root(00) para top(01)
Mensaje * / 00:03:00:000 / top(01) para lightout(02)
Mensaje Y / 00:03:00:000 / lightout(02) / outlon /      1.00000 para top(01)
Mensaje D / 00:03:00:000 / lightout(02) / 00:02:00:000 para top(01)
Mensaje Y / 00:03:00:000 / top(01) / outlon /      1.00000 para Root(00)
Mensaje D / 00:03:00:000 / top(01) / 00:02:00:000 para Root(00)
Mensaje X / 00:04:00:000 / Root(00) / motion /     -0.38064 para top(01)
Mensaje X / 00:04:00:000 / top(01) / motion /     -0.38064 para lightout(02)
Mensaje D / 00:04:00:000 / lightout(02) / 00:00:00:000 para top(01)
Mensaje D / 00:04:00:000 / top(01) / 00:00:00:000 para Root(00)
Mensaje * / 00:04:00:000 / Root(00) para top(01)
Mensaje * / 00:04:00:000 / top(01) para lightout(02)
Mensaje D / 00:04:00:000 / lightout(02) / 00:01:00:000 para top(01)
Mensaje D / 00:04:00:000 / top(01) / 00:01:00:000 para Root(00)
Mensaje * / 00:05:00:000 / Root(00) para top(01)
Mensaje * / 00:05:00:000 / top(01) para lightout(02)
Mensaje Y / 00:05:00:000 / lightout(02) / outlon /      0.00000 para top(01)
Mensaje D / 00:05:00:000 / lightout(02) / ... para top(01)
Mensaje Y / 00:05:00:000 / top(01) / outlon /      0.00000 para Root(00)
Mensaje D / 00:05:00:000 / top(01) / ... para Root(00)
Mensaje X / 00:06:00:000 / Root(00) / motion /     -0.38064 para top(01)
Mensaje X / 00:06:00:000 / top(01) / motion /     -0.38064 para lightout(02)
Mensaje D / 00:06:00:000 / lightout(02) / 00:00:00:000 para top(01)
Mensaje D / 00:06:00:000 / top(01) / 00:00:00:000 para Root(00)
Mensaje * / 00:06:00:000 / Root(00) para top(01)
Mensaje * / 00:06:00:000 / top(01) para lightout(02)
Mensaje Y / 00:06:00:000 / lightout(02) / outlon /      1.00000 para top(01)
Mensaje D / 00:06:00:000 / lightout(02) / 00:02:00:000 para top(01)
Mensaje Y / 00:06:00:000 / top(01) / outlon /      1.00000 para Root(00)
Mensaje D / 00:06:00:000 / top(01) / 00:02:00:000 para Root(00)
Mensaje X / 00:07:00:000 / Root(00) / light /      1.00000 para top(01)
Mensaje X / 00:07:00:000 / top(01) / light /      1.00000 para lightout(02)
Mensaje D / 00:07:00:000 / lightout(02) / 00:00:00:000 para top(01)
Mensaje D / 00:07:00:000 / top(01) / 00:00:00:000 para Root(00)
Mensaje * / 00:07:00:000 / Root(00) para top(01)
Mensaje * / 00:07:00:000 / top(01) para lightout(02)
Mensaje Y / 00:07:00:000 / lightout(02) / outlon /      0.00000 para top(01)
Mensaje D / 00:07:00:000 / lightout(02) / ... para top(01)
Mensaje Y / 00:07:00:000 / top(01) / outlon /      0.00000 para Root(00)
Mensaje D / 00:07:00:000 / top(01) / ... para Root(00)
Mensaje X / 00:08:00:000 / Root(00) / light /      1.00000 para top(01)
Mensaje X / 00:08:00:000 / top(01) / light /      1.00000 para lightout(02)
Mensaje D / 00:08:00:000 / lightout(02) / 00:00:00:000 para top(01)
Mensaje D / 00:08:00:000 / top(01) / 00:00:00:000 para Root(00)
Mensaje * / 00:08:00:000 / Root(00) para top(01)
Mensaje * / 00:08:00:000 / top(01) para lightout(02)
Mensaje D / 00:08:00:000 / lightout(02) / ... para top(01)
Mensaje D / 00:08:00:000 / top(01) / ... para Root(00)
Mensaje X / 00:08:10:000 / Root(00) / motion /     -0.38064 para top(01)
Mensaje X / 00:08:10:000 / top(01) / motion /     -0.38064 para lightout(02)
Mensaje D / 00:08:10:000 / lightout(02) / 00:00:00:000 para top(01)
Mensaje D / 00:08:10:000 / top(01) / 00:00:00:000 para Root(00)
Mensaje * / 00:08:10:000 / Root(00) para top(01)
Mensaje * / 00:08:10:000 / top(01) para lightout(02)
Mensaje D / 00:08:10:000 / lightout(02) / ... para top(01)
Mensaje D / 00:08:10:000 / top(01) / ... para Root(00)
Mensaje X / 00:11:00:000 / Root(00) / motion /     -0.38064 para top(01)
Mensaje X / 00:11:00:000 / top(01) / motion /     -0.38064 para lightout(02)
Mensaje D / 00:11:00:000 / lightout(02) / 00:00:00:000 para top(01)
Mensaje D / 00:11:00:000 / top(01) / 00:00:00:000 para Root(00)
Mensaje * / 00:11:00:000 / Root(00) para top(01)
Mensaje * / 00:11:00:000 / top(01) para lightout(02)
Mensaje D / 00:11:00:000 / lightout(02) / ... para top(01)
Mensaje D / 00:11:00:000 / top(01) / ... para Root(00)
Mensaje X / 00:12:00:000 / Root(00) / motion /     -0.38064 para top(01)
Mensaje X / 00:12:00:000 / top(01) / motion /     -0.38064 para lightout(02)
Mensaje D / 00:12:00:000 / lightout(02) / 00:00:00:000 para top(01)
Mensaje D / 00:12:00:000 / top(01) / 00:00:00:000 para Root(00)
Mensaje * / 00:12:00:000 / Root(00) para top(01)
Mensaje * / 00:12:00:000 / top(01) para lightout(02)
Mensaje D / 00:12:00:000 / lightout(02) / ... para top(01)
Mensaje D / 00:12:00:000 / top(01) / ... para Root(00)
Mensaje X / 00:13:00:000 / Root(00) / motion /     -0.38064 para top(01)
Mensaje X / 00:13:00:000 / top(01) / motion /     -0.38064 para lightout(02)
Mensaje D / 00:13:00:000 / lightout(02) / 00:00:00:000 para top(01)
Mensaje D / 00:13:00:000 / top(01) / 00:00:00:000 para Root(00)
Mensaje * / 00:13:00:000 / Root(00) para top(01)
Mensaje * / 00:13:00:000 / top(01) para lightout(02)
Mensaje D / 00:13:00:000 / lightout(02) / ... para top(01)
Mensaje D / 00:13:00:000 / top(01) / ... para Root(00)
Mensaje X / 00:14:00:000 / Root(00) / light /      0.00000 para top(01)
Mensaje X / 00:14:00:000 / top(01) / light /      0.00000 para lightout(02)
Mensaje D / 00:14:00:000 / lightout(02) / 00:00:00:000 para top(01)
Mensaje D / 00:14:00:000 / top(01) / 00:00:00:000 para Root(00)
Mensaje * / 00:14:00:000 / Root(00) para top(01)
Mensaje * / 00:14:00:000 / top(01) para lightout(02)
Mensaje D / 00:14:00:000 / lightout(02) / ... para top(01)
Mensaje D / 00:14:00:000 / top(01) / ... para Root(00)
Mensaje X / 00:17:10:000 / Root(00) / motion /     -0.38064 para top(01)
Mensaje X / 00:17:10:000 / top(01) / motion /     -0.38064 para lightout(02)
Mensaje D / 00:17:10:000 / lightout(02) / 00:00:00:000 para top(01)
Mensaje D / 00:17:10:000 / top(01) / 00:00:00:000 para Root(00)
Mensaje * / 00:17:10:000 / Root(00) para top(01)
Mensaje * / 00:17:10:000 / top(01) para lightout(02)
Mensaje Y / 00:17:10:000 / lightout(02) / outlon /      1.00000 para top(01)
Mensaje D / 00:17:10:000 / lightout(02) / 00:02:00:000 para top(01)
Mensaje Y / 00:17:10:000 / top(01) / outlon /      1.00000 para Root(00)
Mensaje D / 00:17:10:000 / top(01) / 00:02:00:000 para Root(00)
Mensaje X / 00:19:10:000 / Root(00) / motion /     -0.38064 para top(01)
Mensaje X / 00:19:10:000 / top(01) / motion /     -0.38064 para lightout(02)
Mensaje D / 00:19:10:000 / lightout(02) / 00:00:00:000 para top(01)
Mensaje D / 00:19:10:000 / top(01) / 00:00:00:000 para Root(00)
Mensaje * / 00:19:10:000 / Root(00) para top(01)
Mensaje * / 00:19:10:000 / top(01) para lightout(02)
Mensaje Y / 00:19:10:000 / lightout(02) / outlon /      0.00000 para top(01)
Mensaje D / 00:19:10:000 / lightout(02) / ... para top(01)
Mensaje Y / 00:19:10:000 / top(01) / outlon /      0.00000 para Root(00)
Mensaje D / 00:19:10:000 / top(01) / ... para Root(00)
Mensaje X / 00:19:20:000 / Root(00) / motion /     -0.38064 para top(01)
Mensaje X / 00:19:20:000 / top(01) / motion /     -0.38064 para lightout(02)
Mensaje D / 00:19:20:000 / lightout(02) / 00:00:00:000 para top(01)
Mensaje D / 00:19:20:000 / top(01) / 00:00:00:000 para Root(00)
Mensaje * / 00:19:20:000 / Root(00) para top(01)
Mensaje * / 00:19:20:000 / top(01) para lightout(02)
Mensaje Y / 00:19:20:000 / lightout(02) / outlon /      1.00000 para top(01)
Mensaje D / 00:19:20:000 / lightout(02) / 00:02:00:000 para top(01)
Mensaje Y / 00:19:20:000 / top(01) / outlon /      1.00000 para Root(00)
Mensaje D / 00:19:20:000 / top(01) / 00:02:00:000 para Root(00)
Mensaje * / 00:21:20:000 / Root(00) para top(01)
Mensaje * / 00:21:20:000 / top(01) para lightout(02)
Mensaje Y / 00:21:20:000 / lightout(02) / outlon /      0.00000 para top(01)
Mensaje D / 00:21:20:000 / lightout(02) / ... para top(01)
Mensaje Y / 00:21:20:000 / top(01) / outlon /      0.00000 para Root(00)
Mensaje D / 00:21:20:000 / top(01) / ... para Root(00)
