Mensaje I / 00:00:00:000 / Root(00) para top(01)
Mensaje I / 00:00:00:000 / top(01) para lightin(02)
Mensaje D / 00:00:00:000 / lightin(02) / 00:00:00:000 para top(01)
Mensaje D / 00:00:00:000 / top(01) / 00:00:00:000 para Root(00)
Mensaje * / 00:00:00:000 / Root(00) para top(01)
Mensaje * / 00:00:00:000 / top(01) para lightin(02)
Mensaje D / 00:00:00:000 / lightin(02) / ... para top(01)
Mensaje D / 00:00:00:000 / top(01) / ... para Root(00)
Mensaje X / 00:00:10:000 / Root(00) / validcode /     -0.38064 para top(01)
Mensaje X / 00:00:10:000 / top(01) / validcode /     -0.38064 para lightin(02)
Mensaje D / 00:00:10:000 / lightin(02) / 00:00:00:000 para top(01)
Mensaje D / 00:00:10:000 / top(01) / 00:00:00:000 para Root(00)
Mensaje * / 00:00:10:000 / Root(00) para top(01)
Mensaje * / 00:00:10:000 / top(01) para lightin(02)
Mensaje Y / 00:00:10:000 / lightin(02) / inlon /      1.00000 para top(01)
Mensaje D / 00:00:10:000 / lightin(02) / 00:05:00:000 para top(01)
Mensaje Y / 00:00:10:000 / top(01) / inlon /      1.00000 para Root(00)
Mensaje D / 00:00:10:000 / top(01) / 00:05:00:000 para Root(00)
Mensaje X / 00:03:15:000 / Root(00) / validcode /     -0.38064 para top(01)
Mensaje X / 00:03:15:000 / top(01) / validcode /     -0.38064 para lightin(02)
Mensaje D / 00:03:15:000 / lightin(02) / 00:00:00:000 para top(01)
Mensaje D / 00:03:15:000 / top(01) / 00:00:00:000 para Root(00)
Mensaje * / 00:03:15:000 / Root(00) para top(01)
Mensaje * / 00:03:15:000 / top(01) para lightin(02)
Mensaje D / 00:03:15:000 / lightin(02) / 00:01:55:000 para top(01)
Mensaje D / 00:03:15:000 / top(01) / 00:01:55:000 para Root(00)
Mensaje * / 00:05:10:000 / Root(00) para top(01)
Mensaje * / 00:05:10:000 / top(01) para lightin(02)
Mensaje Y / 00:05:10:000 / lightin(02) / inlon /      0.00000 para top(01)
Mensaje D / 00:05:10:000 / lightin(02) / ... para top(01)
Mensaje Y / 00:05:10:000 / top(01) / inlon /      0.00000 para Root(00)
Mensaje D / 00:05:10:000 / top(01) / ... para Root(00)
Mensaje X / 00:05:50:000 / Root(00) / validcode /     -0.38064 para top(01)
Mensaje X / 00:05:50:000 / top(01) / validcode /     -0.38064 para lightin(02)
Mensaje D / 00:05:50:000 / lightin(02) / 00:00:00:000 para top(01)
Mensaje D / 00:05:50:000 / top(01) / 00:00:00:000 para Root(00)
Mensaje * / 00:05:50:000 / Root(00) para top(01)
Mensaje * / 00:05:50:000 / top(01) para lightin(02)
Mensaje Y / 00:05:50:000 / lightin(02) / inlon /      1.00000 para top(01)
Mensaje D / 00:05:50:000 / lightin(02) / 00:05:00:000 para top(01)
Mensaje Y / 00:05:50:000 / top(01) / inlon /      1.00000 para Root(00)
Mensaje D / 00:05:50:000 / top(01) / 00:05:00:000 para Root(00)
Mensaje * / 00:10:50:000 / Root(00) para top(01)
Mensaje * / 00:10:50:000 / top(01) para lightin(02)
Mensaje Y / 00:10:50:000 / lightin(02) / inlon /      0.00000 para top(01)
Mensaje D / 00:10:50:000 / lightin(02) / ... para top(01)
Mensaje Y / 00:10:50:000 / top(01) / inlon /      0.00000 para Root(00)
Mensaje D / 00:10:50:000 / top(01) / ... para Root(00)
